[Licensing::Module] Trying to connect to existing licensing client channel...
Built from '6000.2/staging' branch; Version is '6000.2.9f1 (e0c4e791ab71) revision 14730471'; Using compiler version '194234433'; Build Type 'Release'
[Licensing::IpcConnector] Successfully connected to: "LicenseClient-User" at "2025-12-11T07:24:49.9029746Z"
OS: 'Windows 11  (10.0.26200) 64bit Professional' Language: 'en' Physical Memory: 16056 MB
BatchMode: 1, IsHumanControllingUs: 0, StartBugReporterOnCrash: 0, Is64bit: 1
Date: 2025-12-11T07:24:49Z

COMMAND LINE ARGUMENTS:
C:\Program Files\Unity\Hub\Editor\6000.2.9f1\Editor\Unity.exe
-adb2
-batchMode
-noUpm
-name
AssetImportWorker0
-projectPath
C:/Users/User/Documents/Games/Saleemo/Saleem-Project
-logFile
Logs/AssetImportWorker0.log
-srvPort
65531
-licensingIpc
LicenseClient-User
-job-worker-count
9
-background-job-worker-count
8
-gc-helper-count
1
-name
AssetImport
Successfully changed project path to: C:/Users/User/Documents/Games/Saleemo/Saleem-Project
C:/Users/User/Documents/Games/Saleemo/Saleem-Project
[UnityMemory] Configuration Parameters - Can be set up in boot.config
    "memorysetup-allocator-temp-initial-block-size-main=262144"
    "memorysetup-allocator-temp-initial-block-size-worker=262144"
    "memorysetup-bucket-allocator-granularity=16"
    "memorysetup-bucket-allocator-bucket-count=8"
    "memorysetup-bucket-allocator-block-size=33554432"
    "memorysetup-bucket-allocator-block-count=8"
    "memorysetup-main-allocator-block-size=16777216"
    "memorysetup-thread-allocator-block-size=16777216"
    "memorysetup-gfx-main-allocator-block-size=16777216"
    "memorysetup-gfx-thread-allocator-block-size=16777216"
    "memorysetup-cache-allocator-block-size=4194304"
    "memorysetup-typetree-allocator-block-size=2097152"
    "memorysetup-profiler-bucket-allocator-granularity=16"
    "memorysetup-profiler-bucket-allocator-bucket-count=8"
    "memorysetup-profiler-bucket-allocator-block-size=33554432"
    "memorysetup-profiler-bucket-allocator-block-count=8"
    "memorysetup-profiler-allocator-block-size=16777216"
    "memorysetup-profiler-editor-allocator-block-size=1048576"
    "memorysetup-temp-allocator-size-main=16777216"
    "memorysetup-job-temp-allocator-block-size=2097152"
    "memorysetup-job-temp-allocator-block-size-background=1048576"
    "memorysetup-job-temp-allocator-reduction-small-platforms=262144"
    "memorysetup-temp-allocator-size-background-worker=32768"
    "memorysetup-temp-allocator-size-job-worker=262144"
    "memorysetup-temp-allocator-size-preload-manager=33554432"
    "memorysetup-temp-allocator-size-nav-mesh-worker=65536"
    "memorysetup-temp-allocator-size-audio-worker=65536"
    "memorysetup-temp-allocator-size-cloud-worker=32768"
    "memorysetup-temp-allocator-size-gi-baking-worker=262144"
    "memorysetup-temp-allocator-size-gi-baking-worker=262144"
    "memorysetup-temp-allocator-size-gi-baking-worker=262144"
    "memorysetup-temp-allocator-size-gi-baking-worker=262144"
    "memorysetup-temp-allocator-size-gi-baking-worker=262144"
    "memorysetup-temp-allocator-size-gfx=262144"
Player connection [69276]  Target information:

Player connection [69276]  * "[IP] 172.30.16.148 [Port] 0 [Flags] 2 [Guid] 4289507576 [EditorId] 4289507576 [Version] 1048832 [Id] WindowsEditor(7,DESKTOP-JCJO45L) [Debug] 1 [PackageName] WindowsEditor [ProjectName] Editor" 

Player connection [69276] Host joined multi-casting on [225.0.0.222:54997]...
Player connection [69276] Host joined alternative multi-casting on [225.0.0.222:34997]...
JobSystem: Creating JobQueue using job-worker-count value 9
Input System module state changed to: Initialized.
[Physics::Module] Initialized fallback backend.
[Physics::Module] Id: 0xdecafbad
[Licensing::Client] Code 10 while verifying Licensing Client signature (process Id: 18920, path: "C:/Program Files/Unity Hub/UnityLicensingClient_V1/Unity.Licensing.Client.exe")
[Licensing::Module] LicensingClient has failed validation; ignoring
[Licensing::Client] Handshaking with LicensingClient:
  Version:                 1.17.3+a4e98f1
  Session Id:              d0901aec84a8470fbab5af4c8ca5838b
  Correlation Id:          52315b6705b5ddfba83054f0440f1720
  External correlation Id: 3549790121434412102
  Machine Id:              SrNJj47ErGkZ1nfpHqM96Dgaod8=
[Licensing::Module] Successfully connected to LicensingClient on channel: "LicenseClient-User" (connect: 0.00s, validation: 0.00s, handshake: 0.08s)
[Licensing::IpcConnector] Successfully connected to: "LicenseClient-User-notifications" at "2025-12-11T07:24:49.9901862Z"
[Licensing::Module] Licensing Background thread has ended after 0.09s
Library Redirect Path: Library/
[Physics::Module] Selected backend.
[Physics::Module] Name: PhysX
[Physics::Module] Id: 0xf2b8ea05
[Physics::Module] SDK Version: 4.1.2
[Physics::Module] Integration Version: 1.0.0
[Physics::Module] Threading Mode: Multi-Threaded
Refreshing native plugins compatible for Editor in 9.17 ms, found 3 plugins.
Preloading 0 native plugins for Editor in 0.00 ms.
Initialize engine version: 6000.2.9f1 (e0c4e791ab71)
[Subsystems] Discovering subsystems at path C:/Program Files/Unity/Hub/Editor/6000.2.9f1/Editor/Data/Resources/UnitySubsystems
[Subsystems] Discovering subsystems at path C:/Users/User/Documents/Games/Saleemo/Saleem-Project/Assets
GfxDevice: creating device client; kGfxThreadingModeNonThreaded
Direct3D:
    Version:  Direct3D 11.0 [level 11.1]
    Renderer: Intel(R) UHD Graphics (ID=0xa720)
    Vendor:   Intel
    VRAM:     8028 MB
    Driver:   32.0.101.7026
Initialize mono
Mono path[0] = 'C:/Program Files/Unity/Hub/Editor/6000.2.9f1/Editor/Data/Managed'
Mono path[1] = 'C:/Program Files/Unity/Hub/Editor/6000.2.9f1/Editor/Data/MonoBleedingEdge/lib/mono/unityjit-win32'
Mono config path = 'C:/Program Files/Unity/Hub/Editor/6000.2.9f1/Editor/Data/MonoBleedingEdge/etc'
Using monoOptions --debugger-agent=transport=dt_socket,embedding=1,server=y,suspend=n,address=127.0.0.1:56184
Begin MonoManager ReloadAssembly
Registering precompiled unity dll's ...
Register platform support module: C:/Program Files/Unity/Hub/Editor/6000.2.9f1/Editor/Data/PlaybackEngines/WindowsStandaloneSupport/UnityEditor.WindowsStandalone.Extensions.dll
Registered in 0.005699 seconds.
- Loaded All Assemblies, in  0.915 seconds
Native extension for WindowsStandalone target not found
Mono: successfully reloaded assembly
- Finished resetting the current domain, in  0.831 seconds
Domain Reload Profiling: 1743ms
	BeginReloadAssembly (341ms)
		ExecutionOrderSort (0ms)
		DisableScriptedObjects (0ms)
		BackupInstance (0ms)
		ReleaseScriptingObjects (0ms)
		CreateAndSetChildDomain (1ms)
	RebuildCommonClasses (78ms)
	RebuildNativeTypeToScriptingClass (30ms)
	initialDomainReloadingComplete (111ms)
	LoadAllAssembliesAndSetupDomain (351ms)
		LoadAssemblies (334ms)
		RebuildTransferFunctionScriptingTraits (0ms)
		AnalyzeDomain (344ms)
			TypeCache.Refresh (341ms)
				TypeCache.ScanAssembly (314ms)
			BuildScriptInfoCaches (0ms)
			ResolveRequiredComponents (1ms)
	FinalizeReload (832ms)
		ReleaseScriptCaches (0ms)
		RebuildScriptCaches (0ms)
		SetupLoadedEditorAssemblies (731ms)
			LogAssemblyErrors (0ms)
			InitializePlatformSupportModulesInManaged (106ms)
			SetLoadedEditorAssemblies (7ms)
			BeforeProcessingInitializeOnLoad (173ms)
			ProcessInitializeOnLoadAttributes (330ms)
			ProcessInitializeOnLoadMethodAttributes (114ms)
			AfterProcessingInitializeOnLoad (0ms)
			EditorAssembliesLoaded (0ms)
		ExecutionOrderSort2 (0ms)
		AwakeInstancesAfterBackupRestoration (0ms)
========================================================================
Worker process is ready to serve import requests
Import Worker Mode flag is 0x00
Begin MonoManager ReloadAssembly
[Licensing::Client] Successfully resolved entitlement details
[Licensing::Module] License group:
  Id: 18968259716887-UnityPersXXXX
  Product: Unity Personal
  Type: Assigned
  Expiration: Unlimited
- Loaded All Assemblies, in  1.497 seconds
Refreshing native plugins compatible for Editor in 1.86 ms, found 3 plugins.
Native extension for WindowsStandalone target not found
Package Manager log level set to [2]
[Package Manager] Failed to launch server process. Reason: Unity was launched with the -noUpm command-line argument
[Package Manager] Unable to send message (not connected to server process).
[Package Manager] Cannot connect to Unity Package Manager local server
Mono: successfully reloaded assembly
- Finished resetting the current domain, in  1.730 seconds
Domain Reload Profiling: 3222ms
	BeginReloadAssembly (438ms)
		ExecutionOrderSort (0ms)
		DisableScriptedObjects (12ms)
		BackupInstance (0ms)
		ReleaseScriptingObjects (0ms)
		CreateAndSetChildDomain (62ms)
	RebuildCommonClasses (61ms)
	RebuildNativeTypeToScriptingClass (17ms)
	initialDomainReloadingComplete (62ms)
	LoadAllAssembliesAndSetupDomain (914ms)
		LoadAssemblies (790ms)
		RebuildTransferFunctionScriptingTraits (0ms)
		AnalyzeDomain (380ms)
			TypeCache.Refresh (276ms)
				TypeCache.ScanAssembly (256ms)
			BuildScriptInfoCaches (81ms)
			ResolveRequiredComponents (18ms)
	FinalizeReload (1731ms)
		ReleaseScriptCaches (0ms)
		RebuildScriptCaches (0ms)
		SetupLoadedEditorAssemblies (1372ms)
			LogAssemblyErrors (0ms)
			InitializePlatformSupportModulesInManaged (3ms)
			SetLoadedEditorAssemblies (8ms)
			BeforeProcessingInitializeOnLoad (251ms)
			ProcessInitializeOnLoadAttributes (1001ms)
			ProcessInitializeOnLoadMethodAttributes (99ms)
			AfterProcessingInitializeOnLoad (11ms)
			EditorAssembliesLoaded (0ms)
		ExecutionOrderSort2 (0ms)
		AwakeInstancesAfterBackupRestoration (13ms)
Launched and connected shader compiler UnityShaderCompiler.exe after 0.04 seconds
Refreshing native plugins compatible for Editor in 3.01 ms, found 3 plugins.
Preloading 0 native plugins for Editor in 0.00 ms.
Unloading 14 Unused Serialized files (Serialized files now loaded: 0)
Unloading 6219 unused Assets / (5.0 MB). Loaded Objects now: 6928.
Memory consumption went from 137.7 MB to 132.8 MB.
Total: 14.871800 ms (FindLiveObjects: 2.017400 ms CreateObjectMapping: 0.486400 ms MarkObjects: 8.674900 ms  DeleteObjects: 3.691400 ms)

========================================================================
Received Import Request.
  Time since last request: 2362873.301291 seconds.
  path: Assets/UI/QuizScreen/LevelTwo/QuestionFour
  artifactKey: Guid(80642fea1d3753e4ca80eb8f1b71da57) Importer(815301076,1909f56bfc062723c751e8b465ee728b)
Start importing Assets/UI/QuizScreen/LevelTwo/QuestionFour using Guid(80642fea1d3753e4ca80eb8f1b71da57) Importer(815301076,1909f56bfc062723c751e8b465ee728b) (PreviewImporter) -> (artifact id: 'ee4dfb3c21e719233655e09745c76242') in 0.0173937 seconds
Number of updated asset objects reloaded before import = 0Number of asset objects unloaded after import = 0

========================================================================
Received Import Request.
  Time since last request: 210.079079 seconds.
  path: Assets/UI/QuizScreen/LevelTwo/QuestionFive
  artifactKey: Guid(711448b7e3703284b944f56063084192) Importer(815301076,1909f56bfc062723c751e8b465ee728b)
Start importing Assets/UI/QuizScreen/LevelTwo/QuestionFive using Guid(711448b7e3703284b944f56063084192) Importer(815301076,1909f56bfc062723c751e8b465ee728b) (PreviewImporter) -> (artifact id: '97414aec90636343a9505a97bd8bb52c') in 0.0011415 seconds
Number of updated asset objects reloaded before import = 0Number of asset objects unloaded after import = 0

========================================================================
Received Import Request.
  Time since last request: 387.692405 seconds.
  path: Assets/UI/QuizScreen/LevelTwo/QuestionFive/Screenshot_2025-12-11_103117-removebg-preview.png
  artifactKey: Guid(19784cdee2a38a049afe656984e24abf) Importer(815301076,1909f56bfc062723c751e8b465ee728b)
Start importing Assets/UI/QuizScreen/LevelTwo/QuestionFive/Screenshot_2025-12-11_103117-removebg-preview.png using Guid(19784cdee2a38a049afe656984e24abf) Importer(815301076,1909f56bfc062723c751e8b465ee728b) (PreviewImporter) -> (artifact id: 'cdc633a8336db8b6c0f7956ea7d3b65a') in 0.0916886 seconds
Number of updated asset objects reloaded before import = 0Number of asset objects unloaded after import = 2

========================================================================
Received Import Request.
  Time since last request: 6.935393 seconds.
  path: Assets/Scenes/QuizScreen.unity
  artifactKey: Guid(296a31531120bff449ce778c2dabee5a) Importer(2089858483,192608db42251d675da83286b1cce702)
Start importing Assets/Scenes/QuizScreen.unity using Guid(296a31531120bff449ce778c2dabee5a) Importer(2089858483,192608db42251d675da83286b1cce702) (ScriptedImporter) -> (artifact id: '527c072c57f0e8d50f5ec252154db438') in 0.2601877 seconds
Number of updated asset objects reloaded before import = 0Number of asset objects unloaded after import = 1

========================================================================
Received Import Request.
  Time since last request: 0.000028 seconds.
  path: Assets/UI/QuizScreen/LevelTwo/QuestionFive/Screenshot_2025-12-11_103132-removebg-preview.png
  artifactKey: Guid(766da7e81bf48d54c825eef186ac6259) Importer(2089858483,192608db42251d675da83286b1cce702)
Start importing Assets/UI/QuizScreen/LevelTwo/QuestionFive/Screenshot_2025-12-11_103132-removebg-preview.png using Guid(766da7e81bf48d54c825eef186ac6259) Importer(2089858483,192608db42251d675da83286b1cce702) (ScriptedImporter) -> (artifact id: '0a31cbad6aceff08f5d7ff94c716bc27') in 0.1474294 seconds
Number of updated asset objects reloaded before import = 0Number of asset objects unloaded after import = 1

========================================================================
Received Import Request.
  Time since last request: 0.000036 seconds.
  path: Assets/UI/QuizScreen/LevelTwo/QuestionFive/Screenshot_2025-12-11_103140-removebg-preview.png
  artifactKey: Guid(8cd9f1d14c034b6488d5fb9519cb582f) Importer(2089858483,192608db42251d675da83286b1cce702)
Start importing Assets/UI/QuizScreen/LevelTwo/QuestionFive/Screenshot_2025-12-11_103140-removebg-preview.png using Guid(8cd9f1d14c034b6488d5fb9519cb582f) Importer(2089858483,192608db42251d675da83286b1cce702) (ScriptedImporter) -> (artifact id: '4d7f59fbe20a9a9aa87b5e099042120b') in 0.0540539 seconds
Number of updated asset objects reloaded before import = 0Number of asset objects unloaded after import = 1

========================================================================
Received Import Request.
  Time since last request: 0.000022 seconds.
  path: Assets/UI/QuizScreen/LevelTwo/QuestionFour/Screenshot_2025-12-11_102510-removebg-preview.png
  artifactKey: Guid(47cc956a3fa653945b9bfcf1985b74d7) Importer(2089858483,192608db42251d675da83286b1cce702)
Start importing Assets/UI/QuizScreen/LevelTwo/QuestionFour/Screenshot_2025-12-11_102510-removebg-preview.png using Guid(47cc956a3fa653945b9bfcf1985b74d7) Importer(2089858483,192608db42251d675da83286b1cce702) (ScriptedImporter) -> (artifact id: '81dd4e901b53a65d363884e658891c12') in 0.0577376 seconds
Number of updated asset objects reloaded before import = 0Number of asset objects unloaded after import = 1

========================================================================
Received Import Request.
  Time since last request: 0.000030 seconds.
  path: Assets/UI/QuizScreen/LevelTwo/QuestionTwo/Screenshot_2025-12-09_140710-removebg-preview.png
  artifactKey: Guid(366d044908503364eb32c39bce4340a1) Importer(2089858483,192608db42251d675da83286b1cce702)
Start importing Assets/UI/QuizScreen/LevelTwo/QuestionTwo/Screenshot_2025-12-09_140710-removebg-preview.png using Guid(366d044908503364eb32c39bce4340a1) Importer(2089858483,192608db42251d675da83286b1cce702) (ScriptedImporter) -> (artifact id: 'bccb3ab6c3faa0d47e22d657fc58584b') in 0.0774942 seconds
Number of updated asset objects reloaded before import = 0Number of asset objects unloaded after import = 1

========================================================================
Received Import Request.
  Time since last request: 0.000168 seconds.
  path: Assets/UI/QuizScreen/LevelTwo/QuestionThree/Screenshot_2025-12-11_102234-removebg-preview.png
  artifactKey: Guid(e00ce80c2db9cb94f81f78c8c3928e8c) Importer(2089858483,192608db42251d675da83286b1cce702)
Start importing Assets/UI/QuizScreen/LevelTwo/QuestionThree/Screenshot_2025-12-11_102234-removebg-preview.png using Guid(e00ce80c2db9cb94f81f78c8c3928e8c) Importer(2089858483,192608db42251d675da83286b1cce702) (ScriptedImporter) -> (artifact id: '7486d7c970cf2fc8187d019ded2b6a8e') in 0.0645186 seconds
Number of updated asset objects reloaded before import = 0Number of asset objects unloaded after import = 1

========================================================================
Received Import Request.
  Time since last request: 0.000023 seconds.
  path: Assets/UI/QuizScreen/LevelTwo/QuestionTwo/Screenshot_2025-12-09_140724-removebg-preview.png
  artifactKey: Guid(d5844ee972afeff4ea13f3e8954d743e) Importer(2089858483,192608db42251d675da83286b1cce702)
Start importing Assets/UI/QuizScreen/LevelTwo/QuestionTwo/Screenshot_2025-12-09_140724-removebg-preview.png using Guid(d5844ee972afeff4ea13f3e8954d743e) Importer(2089858483,192608db42251d675da83286b1cce702) (ScriptedImporter) -> (artifact id: 'ea4403a59ad206e960461921450146df') in 0.0632644 seconds
Number of updated asset objects reloaded before import = 0Number of asset objects unloaded after import = 1

========================================================================
Received Import Request.
  Time since last request: 0.000077 seconds.
  path: Assets/UI/QuizScreen/LevelTwo/QuestionTwo/Screenshot_2025-12-09_140728-removebg-preview.png
  artifactKey: Guid(1a306de0554ed96459107cfe5fd7a9a8) Importer(2089858483,192608db42251d675da83286b1cce702)
Start importing Assets/UI/QuizScreen/LevelTwo/QuestionTwo/Screenshot_2025-12-09_140728-removebg-preview.png using Guid(1a306de0554ed96459107cfe5fd7a9a8) Importer(2089858483,192608db42251d675da83286b1cce702) (ScriptedImporter) -> (artifact id: '22d5fa4dd1c044f2f2f8219e04f43a9b') in 0.0660234 seconds
Number of updated asset objects reloaded before import = 0Number of asset objects unloaded after import = 1

========================================================================
Received Import Request.
  Time since last request: 0.000045 seconds.
  path: Assets/UI/QuizScreen/LevelTwo/QuestionOne/Screenshot_2025-12-09_140457-removebg-preview.png
  artifactKey: Guid(359422ae00576cd439a9eb4a6590dff6) Importer(2089858483,192608db42251d675da83286b1cce702)
Start importing Assets/UI/QuizScreen/LevelTwo/QuestionOne/Screenshot_2025-12-09_140457-removebg-preview.png using Guid(359422ae00576cd439a9eb4a6590dff6) Importer(2089858483,192608db42251d675da83286b1cce702) (ScriptedImporter) -> (artifact id: '20a4576395e1f2e32243c7ff8eaa1dc7') in 0.0628798 seconds
Number of updated asset objects reloaded before import = 0Number of asset objects unloaded after import = 1

========================================================================
Received Import Request.
  Time since last request: 0.000023 seconds.
  path: Assets/UI/QuizScreen/LevelTwo/QuestionFour/Screenshot_2025-12-11_102528-removebg-preview.png
  artifactKey: Guid(629e91ed70977c343bf250c9ebc96c47) Importer(2089858483,192608db42251d675da83286b1cce702)
Start importing Assets/UI/QuizScreen/LevelTwo/QuestionFour/Screenshot_2025-12-11_102528-removebg-preview.png using Guid(629e91ed70977c343bf250c9ebc96c47) Importer(2089858483,192608db42251d675da83286b1cce702) (ScriptedImporter) -> (artifact id: '84f803a7fa219a083ea8f77fec79a303') in 0.0527078 seconds
Number of updated asset objects reloaded before import = 0Number of asset objects unloaded after import = 1

========================================================================
Received Import Request.
  Time since last request: 0.000041 seconds.
  path: Assets/UI/QuizScreen/LevelTwo/QuestionFour/Screenshot_2025-12-11_102551-removebg-preview.png
  artifactKey: Guid(3f5036bdb3b78f248b1f7e18fd683100) Importer(2089858483,192608db42251d675da83286b1cce702)
Start importing Assets/UI/QuizScreen/LevelTwo/QuestionFour/Screenshot_2025-12-11_102551-removebg-preview.png using Guid(3f5036bdb3b78f248b1f7e18fd683100) Importer(2089858483,192608db42251d675da83286b1cce702) (ScriptedImporter) -> (artifact id: 'a72c27c24ad798002eda1819d40b387f') in 0.0477016 seconds
Number of updated asset objects reloaded before import = 0Number of asset objects unloaded after import = 1

========================================================================
Received Import Request.
  Time since last request: 0.000051 seconds.
  path: Assets/UI/QuizScreen/LevelTwo/QuestionThree/Screenshot_2025-12-11_102220-removebg-preview.png
  artifactKey: Guid(3b4c728c8c016df40a028cb8cf29da3c) Importer(2089858483,192608db42251d675da83286b1cce702)
Start importing Assets/UI/QuizScreen/LevelTwo/QuestionThree/Screenshot_2025-12-11_102220-removebg-preview.png using Guid(3b4c728c8c016df40a028cb8cf29da3c) Importer(2089858483,192608db42251d675da83286b1cce702) (ScriptedImporter) -> (artifact id: 'c9da18ca32751e297af32d50503027eb') in 0.0423701 seconds
Number of updated asset objects reloaded before import = 0Number of asset objects unloaded after import = 1

========================================================================
Received Import Request.
  Time since last request: 0.000055 seconds.
  path: Assets/UI/QuizScreen/LevelTwo/QuestionFour/Screenshot_2025-12-11_102522-removebg-preview.png
  artifactKey: Guid(b916d92d9b5891243ae3af58bc54df95) Importer(2089858483,192608db42251d675da83286b1cce702)
Start importing Assets/UI/QuizScreen/LevelTwo/QuestionFour/Screenshot_2025-12-11_102522-removebg-preview.png using Guid(b916d92d9b5891243ae3af58bc54df95) Importer(2089858483,192608db42251d675da83286b1cce702) (ScriptedImporter) -> (artifact id: '0f1d8499f4b27f3215b7ba6377b5ff71') in 0.0490931 seconds
Number of updated asset objects reloaded before import = 0Number of asset objects unloaded after import = 1

========================================================================
Received Import Request.
  Time since last request: 0.761717 seconds.
  path: Assets/UI/QuizScreen/LevelTwo/QuestionFive/Question.png
  artifactKey: Guid(19784cdee2a38a049afe656984e24abf) Importer(815301076,1909f56bfc062723c751e8b465ee728b)
Start importing Assets/UI/QuizScreen/LevelTwo/QuestionFive/Question.png using Guid(19784cdee2a38a049afe656984e24abf) Importer(815301076,1909f56bfc062723c751e8b465ee728b) (PreviewImporter) -> (artifact id: '716a940c8b17b1886c4f4f1f77f3d9ea') in 0.0130309 seconds
Number of updated asset objects reloaded before import = 0Number of asset objects unloaded after import = 2

========================================================================
Received Import Request.
  Time since last request: 0.871060 seconds.
  path: Assets/UI/QuizScreen/LevelTwo/QuestionFive/Question.png
  artifactKey: Guid(19784cdee2a38a049afe656984e24abf) Importer(2089858483,192608db42251d675da83286b1cce702)
Start importing Assets/UI/QuizScreen/LevelTwo/QuestionFive/Question.png using Guid(19784cdee2a38a049afe656984e24abf) Importer(2089858483,192608db42251d675da83286b1cce702) (ScriptedImporter) -> (artifact id: '8e62064918232956727f3b703fe577b4') in 0.0271347 seconds
Number of updated asset objects reloaded before import = 0Number of asset objects unloaded after import = 1

========================================================================
Received Import Request.
  Time since last request: 4.207928 seconds.
  path: Assets/UI/QuizScreen/LevelTwo/QuestionFour/Screenshot_2025-12-11_102510-removebg-preview.png
  artifactKey: Guid(47cc956a3fa653945b9bfcf1985b74d7) Importer(815301076,1909f56bfc062723c751e8b465ee728b)
Start importing Assets/UI/QuizScreen/LevelTwo/QuestionFour/Screenshot_2025-12-11_102510-removebg-preview.png using Guid(47cc956a3fa653945b9bfcf1985b74d7) Importer(815301076,1909f56bfc062723c751e8b465ee728b) (PreviewImporter) -> (artifact id: '765cd6a09c1fbc4cde09dfb4fb347620') in 0.0572393 seconds
Number of updated asset objects reloaded before import = 0Number of asset objects unloaded after import = 2

========================================================================
Received Import Request.
  Time since last request: 3.937666 seconds.
  path: Assets/UI/QuizScreen/LevelTwo/QuestionFour/Question.png
  artifactKey: Guid(47cc956a3fa653945b9bfcf1985b74d7) Importer(815301076,1909f56bfc062723c751e8b465ee728b)
Start importing Assets/UI/QuizScreen/LevelTwo/QuestionFour/Question.png using Guid(47cc956a3fa653945b9bfcf1985b74d7) Importer(815301076,1909f56bfc062723c751e8b465ee728b) (PreviewImporter) -> (artifact id: '7c461c2e5a09003623a1a2e122d57df5') in 0.0130575 seconds
Number of updated asset objects reloaded before import = 0Number of asset objects unloaded after import = 2

========================================================================
Received Import Request.
  Time since last request: 0.896776 seconds.
  path: Assets/UI/QuizScreen/LevelTwo/QuestionFour/Question.png
  artifactKey: Guid(47cc956a3fa653945b9bfcf1985b74d7) Importer(2089858483,192608db42251d675da83286b1cce702)
Start importing Assets/UI/QuizScreen/LevelTwo/QuestionFour/Question.png using Guid(47cc956a3fa653945b9bfcf1985b74d7) Importer(2089858483,192608db42251d675da83286b1cce702) (ScriptedImporter) -> (artifact id: '2c040e74c095eb5cf0933cf3a35ec097') in 0.0363595 seconds
Number of updated asset objects reloaded before import = 0Number of asset objects unloaded after import = 1

========================================================================
Received Import Request.
  Time since last request: 2.674126 seconds.
  path: Assets/UI/QuizScreen/LevelTwo/QuestionOne/Screenshot_2025-12-09_140453-removebg-preview.png
  artifactKey: Guid(7c6bdfc978576e5428132bac9641074c) Importer(815301076,1909f56bfc062723c751e8b465ee728b)
Start importing Assets/UI/QuizScreen/LevelTwo/QuestionOne/Screenshot_2025-12-09_140453-removebg-preview.png using Guid(7c6bdfc978576e5428132bac9641074c) Importer(815301076,1909f56bfc062723c751e8b465ee728b) (PreviewImporter) -> (artifact id: '66aca5d0ffeb6b387e04eec829576276') in 0.0287468 seconds
Number of updated asset objects reloaded before import = 0Number of asset objects unloaded after import = 2

========================================================================
Received Import Request.
  Time since last request: 4.839351 seconds.
  path: Assets/UI/QuizScreen/LevelTwo/QuestionOne/Question.png
  artifactKey: Guid(7c6bdfc978576e5428132bac9641074c) Importer(815301076,1909f56bfc062723c751e8b465ee728b)
Start importing Assets/UI/QuizScreen/LevelTwo/QuestionOne/Question.png using Guid(7c6bdfc978576e5428132bac9641074c) Importer(815301076,1909f56bfc062723c751e8b465ee728b) (PreviewImporter) -> (artifact id: 'c978ec505c97888273e828d7bcab6e5d') in 0.0110928 seconds
Number of updated asset objects reloaded before import = 0Number of asset objects unloaded after import = 2

========================================================================
Received Import Request.
  Time since last request: 0.903016 seconds.
  path: Assets/UI/QuizScreen/LevelTwo/QuestionOne/Question.png
  artifactKey: Guid(7c6bdfc978576e5428132bac9641074c) Importer(2089858483,192608db42251d675da83286b1cce702)
Start importing Assets/UI/QuizScreen/LevelTwo/QuestionOne/Question.png using Guid(7c6bdfc978576e5428132bac9641074c) Importer(2089858483,192608db42251d675da83286b1cce702) (ScriptedImporter) -> (artifact id: '937e3e19101b921d3f3368216dab3854') in 0.0438698 seconds
Number of updated asset objects reloaded before import = 0Number of asset objects unloaded after import = 1

========================================================================
Received Import Request.
  Time since last request: 2.852872 seconds.
  path: Assets/UI/QuizScreen/LevelTwo/QuestionTwo/Screenshot_2025-12-09_140710-removebg-preview.png
  artifactKey: Guid(366d044908503364eb32c39bce4340a1) Importer(815301076,1909f56bfc062723c751e8b465ee728b)
Start importing Assets/UI/QuizScreen/LevelTwo/QuestionTwo/Screenshot_2025-12-09_140710-removebg-preview.png using Guid(366d044908503364eb32c39bce4340a1) Importer(815301076,1909f56bfc062723c751e8b465ee728b) (PreviewImporter) -> (artifact id: '636ab793c3118f520896c3d713cbc0b5') in 0.0600372 seconds
Number of updated asset objects reloaded before import = 0Number of asset objects unloaded after import = 2

========================================================================
Received Import Request.
  Time since last request: 4.082072 seconds.
  path: Assets/UI/QuizScreen/LevelTwo/QuestionTwo/Question.png
  artifactKey: Guid(366d044908503364eb32c39bce4340a1) Importer(815301076,1909f56bfc062723c751e8b465ee728b)
Start importing Assets/UI/QuizScreen/LevelTwo/QuestionTwo/Question.png using Guid(366d044908503364eb32c39bce4340a1) Importer(815301076,1909f56bfc062723c751e8b465ee728b) (PreviewImporter) -> (artifact id: 'dea06974ee8f0f2334acbee62eb6017c') in 0.0100649 seconds
Number of updated asset objects reloaded before import = 0Number of asset objects unloaded after import = 2

========================================================================
Received Import Request.
  Time since last request: 0.903114 seconds.
  path: Assets/UI/QuizScreen/LevelTwo/QuestionTwo/Question.png
  artifactKey: Guid(366d044908503364eb32c39bce4340a1) Importer(2089858483,192608db42251d675da83286b1cce702)
Start importing Assets/UI/QuizScreen/LevelTwo/QuestionTwo/Question.png using Guid(366d044908503364eb32c39bce4340a1) Importer(2089858483,192608db42251d675da83286b1cce702) (ScriptedImporter) -> (artifact id: '82f6dec8f30fdbca6510b37f72aeebfe') in 0.0299382 seconds
Number of updated asset objects reloaded before import = 0Number of asset objects unloaded after import = 1

========================================================================
Received Import Request.
  Time since last request: 6.729986 seconds.
  path: Assets/UI/QuizScreen/LevelTwo/QuestionTwo/Screenshot_2025-12-09_140714-removebg-preview.png
  artifactKey: Guid(a6521615d6be2a046a203bdb665eea3c) Importer(815301076,1909f56bfc062723c751e8b465ee728b)
Start importing Assets/UI/QuizScreen/LevelTwo/QuestionTwo/Screenshot_2025-12-09_140714-removebg-preview.png using Guid(a6521615d6be2a046a203bdb665eea3c) Importer(815301076,1909f56bfc062723c751e8b465ee728b) (PreviewImporter) -> (artifact id: 'c9a599fd3030e39646f571b91a83d8e5') in 0.0383643 seconds
Number of updated asset objects reloaded before import = 0Number of asset objects unloaded after import = 2

========================================================================
Received Import Request.
  Time since last request: 73.443883 seconds.
  path: Assets/UI/QuizScreen/LevelTwo/QuestionTwo/Screenshot_2025-12-09_140718-removebg-preview.png
  artifactKey: Guid(7e51fab100145a1488dcb69ab561b950) Importer(815301076,1909f56bfc062723c751e8b465ee728b)
Start importing Assets/UI/QuizScreen/LevelTwo/QuestionTwo/Screenshot_2025-12-09_140718-removebg-preview.png using Guid(7e51fab100145a1488dcb69ab561b950) Importer(815301076,1909f56bfc062723c751e8b465ee728b) (PreviewImporter) -> (artifact id: '3f7d4539acd1f62b02ce75a1520f4eb2') in 0.0509208 seconds
Number of updated asset objects reloaded before import = 0Number of asset objects unloaded after import = 2

========================================================================
Received Import Request.
  Time since last request: 1.432269 seconds.
  path: Assets/UI/QuizScreen/LevelTwo/QuestionTwo/Screenshot_2025-12-09_140724-removebg-preview.png
  artifactKey: Guid(d5844ee972afeff4ea13f3e8954d743e) Importer(815301076,1909f56bfc062723c751e8b465ee728b)
Start importing Assets/UI/QuizScreen/LevelTwo/QuestionTwo/Screenshot_2025-12-09_140724-removebg-preview.png using Guid(d5844ee972afeff4ea13f3e8954d743e) Importer(815301076,1909f56bfc062723c751e8b465ee728b) (PreviewImporter) -> (artifact id: 'a6b79a55d9474de647e98e210f884a12') in 0.0518494 seconds
Number of updated asset objects reloaded before import = 0Number of asset objects unloaded after import = 2

========================================================================
Received Import Request.
  Time since last request: 16.176569 seconds.
  path: Assets/UI/QuizScreen/LevelTwo/QuestionTwo/ChoiceA.png
  artifactKey: Guid(a6521615d6be2a046a203bdb665eea3c) Importer(815301076,1909f56bfc062723c751e8b465ee728b)
Start importing Assets/UI/QuizScreen/LevelTwo/QuestionTwo/ChoiceA.png using Guid(a6521615d6be2a046a203bdb665eea3c) Importer(815301076,1909f56bfc062723c751e8b465ee728b) (PreviewImporter) -> (artifact id: '9d05dfe2a1717ba6fafab4a7015faaf0') in 0.0101245 seconds
Number of updated asset objects reloaded before import = 0Number of asset objects unloaded after import = 2

========================================================================
Received Import Request.
  Time since last request: 0.901628 seconds.
  path: Assets/UI/QuizScreen/LevelTwo/QuestionTwo/ChoiceA.png
  artifactKey: Guid(a6521615d6be2a046a203bdb665eea3c) Importer(2089858483,192608db42251d675da83286b1cce702)
Start importing Assets/UI/QuizScreen/LevelTwo/QuestionTwo/ChoiceA.png using Guid(a6521615d6be2a046a203bdb665eea3c) Importer(2089858483,192608db42251d675da83286b1cce702) (ScriptedImporter) -> (artifact id: '3b6fa002e79117151c9c6700ab1be56a') in 0.0277555 seconds
Number of updated asset objects reloaded before import = 0Number of asset objects unloaded after import = 1

========================================================================
Received Import Request.
  Time since last request: 5.046793 seconds.
  path: Assets/UI/QuizScreen/LevelTwo/QuestionTwo/ChoiceB.png
  artifactKey: Guid(7e51fab100145a1488dcb69ab561b950) Importer(815301076,1909f56bfc062723c751e8b465ee728b)
Start importing Assets/UI/QuizScreen/LevelTwo/QuestionTwo/ChoiceB.png using Guid(7e51fab100145a1488dcb69ab561b950) Importer(815301076,1909f56bfc062723c751e8b465ee728b) (PreviewImporter) -> (artifact id: '1a9d0df3ed0a7b143989ffc63cac8ffb') in 0.0138215 seconds
Number of updated asset objects reloaded before import = 0Number of asset objects unloaded after import = 2

========================================================================
Received Import Request.
  Time since last request: 0.887413 seconds.
  path: Assets/UI/QuizScreen/LevelTwo/QuestionTwo/ChoiceB.png
  artifactKey: Guid(7e51fab100145a1488dcb69ab561b950) Importer(2089858483,192608db42251d675da83286b1cce702)
Start importing Assets/UI/QuizScreen/LevelTwo/QuestionTwo/ChoiceB.png using Guid(7e51fab100145a1488dcb69ab561b950) Importer(2089858483,192608db42251d675da83286b1cce702) (ScriptedImporter) -> (artifact id: '799de34a72fb56bbb604aa11e02c4161') in 0.0322758 seconds
Number of updated asset objects reloaded before import = 0Number of asset objects unloaded after import = 1

========================================================================
Received Import Request.
  Time since last request: 4.887226 seconds.
  path: Assets/UI/QuizScreen/LevelTwo/QuestionTwo/ChoiceC.png
  artifactKey: Guid(d5844ee972afeff4ea13f3e8954d743e) Importer(815301076,1909f56bfc062723c751e8b465ee728b)
Start importing Assets/UI/QuizScreen/LevelTwo/QuestionTwo/ChoiceC.png using Guid(d5844ee972afeff4ea13f3e8954d743e) Importer(815301076,1909f56bfc062723c751e8b465ee728b) (PreviewImporter) -> (artifact id: '66b42bcece05fd9e9c0c86c560a51c9e') in 0.0126245 seconds
Number of updated asset objects reloaded before import = 0Number of asset objects unloaded after import = 2

========================================================================
Received Import Request.
  Time since last request: 0.891335 seconds.
  path: Assets/UI/QuizScreen/LevelTwo/QuestionTwo/ChoiceC.png
  artifactKey: Guid(d5844ee972afeff4ea13f3e8954d743e) Importer(2089858483,192608db42251d675da83286b1cce702)
Start importing Assets/UI/QuizScreen/LevelTwo/QuestionTwo/ChoiceC.png using Guid(d5844ee972afeff4ea13f3e8954d743e) Importer(2089858483,192608db42251d675da83286b1cce702) (ScriptedImporter) -> (artifact id: 'a9af53a993fb02dbe0f92822e001067b') in 0.0249859 seconds
Number of updated asset objects reloaded before import = 0Number of asset objects unloaded after import = 1

========================================================================
Received Import Request.
  Time since last request: 0.226476 seconds.
  path: Assets/UI/QuizScreen/LevelTwo/QuestionTwo/Screenshot_2025-12-09_140728-removebg-preview.png
  artifactKey: Guid(1a306de0554ed96459107cfe5fd7a9a8) Importer(815301076,1909f56bfc062723c751e8b465ee728b)
Start importing Assets/UI/QuizScreen/LevelTwo/QuestionTwo/Screenshot_2025-12-09_140728-removebg-preview.png using Guid(1a306de0554ed96459107cfe5fd7a9a8) Importer(815301076,1909f56bfc062723c751e8b465ee728b) (PreviewImporter) -> (artifact id: 'b53d1e11033c86314ba874b09f97599b') in 0.0443139 seconds
Number of updated asset objects reloaded before import = 0Number of asset objects unloaded after import = 2

========================================================================
Received Import Request.
  Time since last request: 3.446999 seconds.
  path: Assets/UI/QuizScreen/LevelTwo/QuestionTwo/ChoiceD.png
  artifactKey: Guid(1a306de0554ed96459107cfe5fd7a9a8) Importer(815301076,1909f56bfc062723c751e8b465ee728b)
Start importing Assets/UI/QuizScreen/LevelTwo/QuestionTwo/ChoiceD.png using Guid(1a306de0554ed96459107cfe5fd7a9a8) Importer(815301076,1909f56bfc062723c751e8b465ee728b) (PreviewImporter) -> (artifact id: 'bf71641c45ec0c408490df5b8514ec25') in 0.0229134 seconds
Number of updated asset objects reloaded before import = 0Number of asset objects unloaded after import = 2

========================================================================
Received Import Request.
  Time since last request: 0.891680 seconds.
  path: Assets/UI/QuizScreen/LevelTwo/QuestionTwo/ChoiceD.png
  artifactKey: Guid(1a306de0554ed96459107cfe5fd7a9a8) Importer(2089858483,192608db42251d675da83286b1cce702)
Start importing Assets/UI/QuizScreen/LevelTwo/QuestionTwo/ChoiceD.png using Guid(1a306de0554ed96459107cfe5fd7a9a8) Importer(2089858483,192608db42251d675da83286b1cce702) (ScriptedImporter) -> (artifact id: '370764a069e734ac98dcebef42776ec0') in 0.0352638 seconds
Number of updated asset objects reloaded before import = 0Number of asset objects unloaded after import = 1

========================================================================
Received Import Request.
  Time since last request: 2.757048 seconds.
  path: Assets/UI/QuizScreen/LevelTwo/QuestionOne/Screenshot_2025-12-09_140457-removebg-preview.png
  artifactKey: Guid(359422ae00576cd439a9eb4a6590dff6) Importer(815301076,1909f56bfc062723c751e8b465ee728b)
Start importing Assets/UI/QuizScreen/LevelTwo/QuestionOne/Screenshot_2025-12-09_140457-removebg-preview.png using Guid(359422ae00576cd439a9eb4a6590dff6) Importer(815301076,1909f56bfc062723c751e8b465ee728b) (PreviewImporter) -> (artifact id: 'd446042ec2c911c2a6ffa0436ccc37a9') in 0.0419918 seconds
Number of updated asset objects reloaded before import = 0Number of asset objects unloaded after import = 2

========================================================================
Received Import Request.
  Time since last request: 4.118737 seconds.
  path: Assets/UI/QuizScreen/LevelTwo/QuestionOne/ChoiceA.png
  artifactKey: Guid(359422ae00576cd439a9eb4a6590dff6) Importer(815301076,1909f56bfc062723c751e8b465ee728b)
Start importing Assets/UI/QuizScreen/LevelTwo/QuestionOne/ChoiceA.png using Guid(359422ae00576cd439a9eb4a6590dff6) Importer(815301076,1909f56bfc062723c751e8b465ee728b) (PreviewImporter) -> (artifact id: '518ee6e4de9c2680e8b4c3f901285d4b') in 0.0123425 seconds
Number of updated asset objects reloaded before import = 0Number of asset objects unloaded after import = 2

========================================================================
Received Import Request.
  Time since last request: 0.896793 seconds.
  path: Assets/UI/QuizScreen/LevelTwo/QuestionOne/ChoiceA.png
  artifactKey: Guid(359422ae00576cd439a9eb4a6590dff6) Importer(2089858483,192608db42251d675da83286b1cce702)
Start importing Assets/UI/QuizScreen/LevelTwo/QuestionOne/ChoiceA.png using Guid(359422ae00576cd439a9eb4a6590dff6) Importer(2089858483,192608db42251d675da83286b1cce702) (ScriptedImporter) -> (artifact id: 'a8a77dea8a1f8e6d5ddaa8753dc14d47') in 0.0251589 seconds
Number of updated asset objects reloaded before import = 0Number of asset objects unloaded after import = 1

========================================================================
Received Import Request.
  Time since last request: 0.267900 seconds.
  path: Assets/UI/QuizScreen/LevelTwo/QuestionOne/Screenshot_2025-12-09_140504-removebg-preview.png
  artifactKey: Guid(6d1a4d0d6bff99941ab83a28edb3d43f) Importer(815301076,1909f56bfc062723c751e8b465ee728b)
Start importing Assets/UI/QuizScreen/LevelTwo/QuestionOne/Screenshot_2025-12-09_140504-removebg-preview.png using Guid(6d1a4d0d6bff99941ab83a28edb3d43f) Importer(815301076,1909f56bfc062723c751e8b465ee728b) (PreviewImporter) -> (artifact id: 'ff838771bcb2a2a5e697adf7ea0abc8d') in 0.0370564 seconds
Number of updated asset objects reloaded before import = 0Number of asset objects unloaded after import = 2

========================================================================
Received Import Request.
  Time since last request: 3.613184 seconds.
  path: Assets/UI/QuizScreen/LevelTwo/QuestionOne/ChoiceB.png
  artifactKey: Guid(6d1a4d0d6bff99941ab83a28edb3d43f) Importer(815301076,1909f56bfc062723c751e8b465ee728b)
Start importing Assets/UI/QuizScreen/LevelTwo/QuestionOne/ChoiceB.png using Guid(6d1a4d0d6bff99941ab83a28edb3d43f) Importer(815301076,1909f56bfc062723c751e8b465ee728b) (PreviewImporter) -> (artifact id: '306cf35b5207d13bed7667fc444ce920') in 0.0162344 seconds
Number of updated asset objects reloaded before import = 0Number of asset objects unloaded after import = 2

========================================================================
Received Import Request.
  Time since last request: 0.900179 seconds.
  path: Assets/UI/QuizScreen/LevelTwo/QuestionOne/ChoiceB.png
  artifactKey: Guid(6d1a4d0d6bff99941ab83a28edb3d43f) Importer(2089858483,192608db42251d675da83286b1cce702)
Start importing Assets/UI/QuizScreen/LevelTwo/QuestionOne/ChoiceB.png using Guid(6d1a4d0d6bff99941ab83a28edb3d43f) Importer(2089858483,192608db42251d675da83286b1cce702) (ScriptedImporter) -> (artifact id: '88307a9bb55ec010c9014e28342cdbfc') in 0.0369941 seconds
Number of updated asset objects reloaded before import = 0Number of asset objects unloaded after import = 1

========================================================================
Received Import Request.
  Time since last request: 0.189763 seconds.
  path: Assets/UI/QuizScreen/LevelTwo/QuestionOne/Screenshot_2025-12-09_140508-removebg-preview.png
  artifactKey: Guid(af2d2a3723b21e143a93d6796825fb15) Importer(815301076,1909f56bfc062723c751e8b465ee728b)
Start importing Assets/UI/QuizScreen/LevelTwo/QuestionOne/Screenshot_2025-12-09_140508-removebg-preview.png using Guid(af2d2a3723b21e143a93d6796825fb15) Importer(815301076,1909f56bfc062723c751e8b465ee728b) (PreviewImporter) -> (artifact id: '47f0b00cde6fd5c9f167f7b488548f6a') in 0.0344134 seconds
Number of updated asset objects reloaded before import = 0Number of asset objects unloaded after import = 2

========================================================================
Received Import Request.
  Time since last request: 5.873342 seconds.
  path: Assets/UI/QuizScreen/LevelTwo/QuestionOne/ChoiceC.png
  artifactKey: Guid(af2d2a3723b21e143a93d6796825fb15) Importer(815301076,1909f56bfc062723c751e8b465ee728b)
Start importing Assets/UI/QuizScreen/LevelTwo/QuestionOne/ChoiceC.png using Guid(af2d2a3723b21e143a93d6796825fb15) Importer(815301076,1909f56bfc062723c751e8b465ee728b) (PreviewImporter) -> (artifact id: 'c2f9b4dd5f584509d0e038ac79b7bf64') in 0.0106807 seconds
Number of updated asset objects reloaded before import = 0Number of asset objects unloaded after import = 2

========================================================================
Received Import Request.
  Time since last request: 0.886361 seconds.
  path: Assets/UI/QuizScreen/LevelTwo/QuestionOne/ChoiceC.png
  artifactKey: Guid(af2d2a3723b21e143a93d6796825fb15) Importer(2089858483,192608db42251d675da83286b1cce702)
Start importing Assets/UI/QuizScreen/LevelTwo/QuestionOne/ChoiceC.png using Guid(af2d2a3723b21e143a93d6796825fb15) Importer(2089858483,192608db42251d675da83286b1cce702) (ScriptedImporter) -> (artifact id: '02d69c5a1d5fef6eee0755a03bead9e6') in 0.0345093 seconds
Number of updated asset objects reloaded before import = 0Number of asset objects unloaded after import = 1

========================================================================
Received Import Request.
  Time since last request: 0.456078 seconds.
  path: Assets/UI/QuizScreen/LevelTwo/QuestionOne/Screenshot_2025-12-09_140513-removebg-preview.png
  artifactKey: Guid(097224e7c6a126c44b2652972a501d04) Importer(815301076,1909f56bfc062723c751e8b465ee728b)
Start importing Assets/UI/QuizScreen/LevelTwo/QuestionOne/Screenshot_2025-12-09_140513-removebg-preview.png using Guid(097224e7c6a126c44b2652972a501d04) Importer(815301076,1909f56bfc062723c751e8b465ee728b) (PreviewImporter) -> (artifact id: 'a7dedbad3d374db42ccc2f100dbc0228') in 0.0510628 seconds
Number of updated asset objects reloaded before import = 0Number of asset objects unloaded after import = 2

========================================================================
Received Import Request.
  Time since last request: 9.535099 seconds.
  path: Assets/UI/QuizScreen/LevelTwo/QuestionOne/ChoiceD.png
  artifactKey: Guid(097224e7c6a126c44b2652972a501d04) Importer(815301076,1909f56bfc062723c751e8b465ee728b)
Start importing Assets/UI/QuizScreen/LevelTwo/QuestionOne/ChoiceD.png using Guid(097224e7c6a126c44b2652972a501d04) Importer(815301076,1909f56bfc062723c751e8b465ee728b) (PreviewImporter) -> (artifact id: 'cdbb1b0c956f6896b2a09a02cd897533') in 0.0136549 seconds
Number of updated asset objects reloaded before import = 0Number of asset objects unloaded after import = 2

========================================================================
Received Import Request.
  Time since last request: 0.909323 seconds.
  path: Assets/UI/QuizScreen/LevelTwo/QuestionOne/ChoiceD.png
  artifactKey: Guid(097224e7c6a126c44b2652972a501d04) Importer(2089858483,192608db42251d675da83286b1cce702)
Start importing Assets/UI/QuizScreen/LevelTwo/QuestionOne/ChoiceD.png using Guid(097224e7c6a126c44b2652972a501d04) Importer(2089858483,192608db42251d675da83286b1cce702) (ScriptedImporter) -> (artifact id: 'ed9d4fc40c63bf82cf08d55e731a6754') in 0.038518 seconds
Number of updated asset objects reloaded before import = 0Number of asset objects unloaded after import = 1

========================================================================
Received Import Request.
  Time since last request: 18.416481 seconds.
  path: Assets/UI/QuizScreen/LevelTwo/QuestionThree/Question.png
  artifactKey: Guid(3b4c728c8c016df40a028cb8cf29da3c) Importer(815301076,1909f56bfc062723c751e8b465ee728b)
Start importing Assets/UI/QuizScreen/LevelTwo/QuestionThree/Question.png using Guid(3b4c728c8c016df40a028cb8cf29da3c) Importer(815301076,1909f56bfc062723c751e8b465ee728b) (PreviewImporter) -> (artifact id: '889d4b250717fee0b5d0fb95e0ebceb3') in 0.0103362 seconds
Number of updated asset objects reloaded before import = 0Number of asset objects unloaded after import = 2

========================================================================
Received Import Request.
  Time since last request: 0.900049 seconds.
  path: Assets/UI/QuizScreen/LevelTwo/QuestionThree/Question.png
  artifactKey: Guid(3b4c728c8c016df40a028cb8cf29da3c) Importer(2089858483,192608db42251d675da83286b1cce702)
Start importing Assets/UI/QuizScreen/LevelTwo/QuestionThree/Question.png using Guid(3b4c728c8c016df40a028cb8cf29da3c) Importer(2089858483,192608db42251d675da83286b1cce702) (ScriptedImporter) -> (artifact id: '6ce3f932f603df784c4424703dfa2b8b') in 0.034158 seconds
Number of updated asset objects reloaded before import = 0Number of asset objects unloaded after import = 1

========================================================================
Received Import Request.
  Time since last request: 2.269172 seconds.
  path: Assets/UI/QuizScreen/LevelTwo/QuestionThree/Screenshot_2025-12-11_102229-removebg-preview.png
  artifactKey: Guid(d2e8e791ad4a11a4581e97e707c77198) Importer(815301076,1909f56bfc062723c751e8b465ee728b)
Start importing Assets/UI/QuizScreen/LevelTwo/QuestionThree/Screenshot_2025-12-11_102229-removebg-preview.png using Guid(d2e8e791ad4a11a4581e97e707c77198) Importer(815301076,1909f56bfc062723c751e8b465ee728b) (PreviewImporter) -> (artifact id: 'e9308846add2bbbe2abebef48d029c1f') in 0.0466307 seconds
Number of updated asset objects reloaded before import = 0Number of asset objects unloaded after import = 2

========================================================================
Received Import Request.
  Time since last request: 4.264849 seconds.
  path: Assets/UI/QuizScreen/LevelTwo/QuestionThree/ChoiceA.png
  artifactKey: Guid(d2e8e791ad4a11a4581e97e707c77198) Importer(815301076,1909f56bfc062723c751e8b465ee728b)
Start importing Assets/UI/QuizScreen/LevelTwo/QuestionThree/ChoiceA.png using Guid(d2e8e791ad4a11a4581e97e707c77198) Importer(815301076,1909f56bfc062723c751e8b465ee728b) (PreviewImporter) -> (artifact id: '9944a46919336abf44fbbb8906333cda') in 0.0141715 seconds
Number of updated asset objects reloaded before import = 0Number of asset objects unloaded after import = 2

========================================================================
Received Import Request.
  Time since last request: 0.893257 seconds.
  path: Assets/UI/QuizScreen/LevelTwo/QuestionThree/ChoiceA.png
  artifactKey: Guid(d2e8e791ad4a11a4581e97e707c77198) Importer(2089858483,192608db42251d675da83286b1cce702)
Start importing Assets/UI/QuizScreen/LevelTwo/QuestionThree/ChoiceA.png using Guid(d2e8e791ad4a11a4581e97e707c77198) Importer(2089858483,192608db42251d675da83286b1cce702) (ScriptedImporter) -> (artifact id: '933e7f1665f8c32cbdb59aa568214ac0') in 0.0325095 seconds
Number of updated asset objects reloaded before import = 0Number of asset objects unloaded after import = 1

========================================================================
Received Import Request.
  Time since last request: 1.204187 seconds.
  path: Assets/UI/QuizScreen/LevelTwo/QuestionThree/Screenshot_2025-12-11_102234-removebg-preview.png
  artifactKey: Guid(e00ce80c2db9cb94f81f78c8c3928e8c) Importer(815301076,1909f56bfc062723c751e8b465ee728b)
Start importing Assets/UI/QuizScreen/LevelTwo/QuestionThree/Screenshot_2025-12-11_102234-removebg-preview.png using Guid(e00ce80c2db9cb94f81f78c8c3928e8c) Importer(815301076,1909f56bfc062723c751e8b465ee728b) (PreviewImporter) -> (artifact id: '8a50a649a86a102b2ff58d9143c6411a') in 0.0497648 seconds
Number of updated asset objects reloaded before import = 0Number of asset objects unloaded after import = 2

========================================================================
Received Import Request.
  Time since last request: 3.767457 seconds.
  path: Assets/UI/QuizScreen/LevelTwo/QuestionThree/ChoiceB.png
  artifactKey: Guid(e00ce80c2db9cb94f81f78c8c3928e8c) Importer(815301076,1909f56bfc062723c751e8b465ee728b)
Start importing Assets/UI/QuizScreen/LevelTwo/QuestionThree/ChoiceB.png using Guid(e00ce80c2db9cb94f81f78c8c3928e8c) Importer(815301076,1909f56bfc062723c751e8b465ee728b) (PreviewImporter) -> (artifact id: '72eb41a7d889dea46747487ecbff323c') in 0.0156299 seconds
Number of updated asset objects reloaded before import = 0Number of asset objects unloaded after import = 2

========================================================================
Received Import Request.
  Time since last request: 0.883876 seconds.
  path: Assets/UI/QuizScreen/LevelTwo/QuestionThree/ChoiceB.png
  artifactKey: Guid(e00ce80c2db9cb94f81f78c8c3928e8c) Importer(2089858483,192608db42251d675da83286b1cce702)
Start importing Assets/UI/QuizScreen/LevelTwo/QuestionThree/ChoiceB.png using Guid(e00ce80c2db9cb94f81f78c8c3928e8c) Importer(2089858483,192608db42251d675da83286b1cce702) (ScriptedImporter) -> (artifact id: 'de49acd5514a03669be6ad845b038f7d') in 0.0260952 seconds
Number of updated asset objects reloaded before import = 0Number of asset objects unloaded after import = 1

========================================================================
Received Import Request.
  Time since last request: 1.510285 seconds.
  path: Assets/UI/QuizScreen/LevelTwo/QuestionThree/Screenshot_2025-12-11_102240-removebg-preview.png
  artifactKey: Guid(9c2176c910fa145468e552a70872fcb7) Importer(815301076,1909f56bfc062723c751e8b465ee728b)
Start importing Assets/UI/QuizScreen/LevelTwo/QuestionThree/Screenshot_2025-12-11_102240-removebg-preview.png using Guid(9c2176c910fa145468e552a70872fcb7) Importer(815301076,1909f56bfc062723c751e8b465ee728b) (PreviewImporter) -> (artifact id: 'c2015a1b1d7f3c9a1c1513deb96df935') in 0.0471089 seconds
Number of updated asset objects reloaded before import = 0Number of asset objects unloaded after import = 2

========================================================================
Received Import Request.
  Time since last request: 3.980542 seconds.
  path: Assets/UI/QuizScreen/LevelTwo/QuestionThree/ChoiceC.png
  artifactKey: Guid(9c2176c910fa145468e552a70872fcb7) Importer(815301076,1909f56bfc062723c751e8b465ee728b)
Start importing Assets/UI/QuizScreen/LevelTwo/QuestionThree/ChoiceC.png using Guid(9c2176c910fa145468e552a70872fcb7) Importer(815301076,1909f56bfc062723c751e8b465ee728b) (PreviewImporter) -> (artifact id: '9aca2178159c9cfbb842c39852ff27cc') in 0.0227025 seconds
Number of updated asset objects reloaded before import = 0Number of asset objects unloaded after import = 2

========================================================================
Received Import Request.
  Time since last request: 0.894684 seconds.
  path: Assets/UI/QuizScreen/LevelTwo/QuestionThree/ChoiceC.png
  artifactKey: Guid(9c2176c910fa145468e552a70872fcb7) Importer(2089858483,192608db42251d675da83286b1cce702)
Start importing Assets/UI/QuizScreen/LevelTwo/QuestionThree/ChoiceC.png using Guid(9c2176c910fa145468e552a70872fcb7) Importer(2089858483,192608db42251d675da83286b1cce702) (ScriptedImporter) -> (artifact id: '3041ca25164efe95732db4d4f154220a') in 0.0286852 seconds
Number of updated asset objects reloaded before import = 0Number of asset objects unloaded after import = 1

========================================================================
Received Import Request.
  Time since last request: 0.696202 seconds.
  path: Assets/UI/QuizScreen/LevelTwo/QuestionThree/Screenshot_2025-12-11_102246-removebg-preview.png
  artifactKey: Guid(382ad01c443ea5a4b96c214fd953bdee) Importer(815301076,1909f56bfc062723c751e8b465ee728b)
Start importing Assets/UI/QuizScreen/LevelTwo/QuestionThree/Screenshot_2025-12-11_102246-removebg-preview.png using Guid(382ad01c443ea5a4b96c214fd953bdee) Importer(815301076,1909f56bfc062723c751e8b465ee728b) (PreviewImporter) -> (artifact id: '6ac8d869199f5ee92baea829512d2701') in 0.0316843 seconds
Number of updated asset objects reloaded before import = 0Number of asset objects unloaded after import = 2

========================================================================
Received Import Request.
  Time since last request: 5.598781 seconds.
  path: Assets/UI/QuizScreen/LevelTwo/QuestionThree/ChoiceD.png
  artifactKey: Guid(382ad01c443ea5a4b96c214fd953bdee) Importer(815301076,1909f56bfc062723c751e8b465ee728b)
Start importing Assets/UI/QuizScreen/LevelTwo/QuestionThree/ChoiceD.png using Guid(382ad01c443ea5a4b96c214fd953bdee) Importer(815301076,1909f56bfc062723c751e8b465ee728b) (PreviewImporter) -> (artifact id: '61d67ad83e468b7a896b9b4c45318e6a') in 0.0281018 seconds
Number of updated asset objects reloaded before import = 0Number of asset objects unloaded after import = 2

========================================================================
Received Import Request.
  Time since last request: 0.866271 seconds.
  path: Assets/UI/QuizScreen/LevelTwo/QuestionThree/ChoiceD.png
  artifactKey: Guid(382ad01c443ea5a4b96c214fd953bdee) Importer(2089858483,192608db42251d675da83286b1cce702)
Start importing Assets/UI/QuizScreen/LevelTwo/QuestionThree/ChoiceD.png using Guid(382ad01c443ea5a4b96c214fd953bdee) Importer(2089858483,192608db42251d675da83286b1cce702) (ScriptedImporter) -> (artifact id: 'd2e706c58e197b036b144f8b6a2ded6b') in 0.0385542 seconds
Number of updated asset objects reloaded before import = 0Number of asset objects unloaded after import = 1

========================================================================
Received Import Request.
  Time since last request: 5.871799 seconds.
  path: Assets/UI/QuizScreen/LevelTwo/QuestionFour/Screenshot_2025-12-11_102516-removebg-preview.png
  artifactKey: Guid(1226e45ece325d64686dc83fc78a13da) Importer(815301076,1909f56bfc062723c751e8b465ee728b)
Start importing Assets/UI/QuizScreen/LevelTwo/QuestionFour/Screenshot_2025-12-11_102516-removebg-preview.png using Guid(1226e45ece325d64686dc83fc78a13da) Importer(815301076,1909f56bfc062723c751e8b465ee728b) (PreviewImporter) -> (artifact id: '7cbecf964a0998548a3d0e451674e15d') in 0.041558 seconds
Number of updated asset objects reloaded before import = 0Number of asset objects unloaded after import = 2

========================================================================
Received Import Request.
  Time since last request: 5.882547 seconds.
  path: Assets/UI/QuizScreen/LevelTwo/QuestionFour/ChoiceA.png
  artifactKey: Guid(1226e45ece325d64686dc83fc78a13da) Importer(815301076,1909f56bfc062723c751e8b465ee728b)
Start importing Assets/UI/QuizScreen/LevelTwo/QuestionFour/ChoiceA.png using Guid(1226e45ece325d64686dc83fc78a13da) Importer(815301076,1909f56bfc062723c751e8b465ee728b) (PreviewImporter) -> (artifact id: '054a3d2ba08c8d632114bead6bcfcb1b') in 0.0096879 seconds
Number of updated asset objects reloaded before import = 0Number of asset objects unloaded after import = 2

========================================================================
Received Import Request.
  Time since last request: 0.894081 seconds.
  path: Assets/UI/QuizScreen/LevelTwo/QuestionFour/ChoiceA.png
  artifactKey: Guid(1226e45ece325d64686dc83fc78a13da) Importer(2089858483,192608db42251d675da83286b1cce702)
Start importing Assets/UI/QuizScreen/LevelTwo/QuestionFour/ChoiceA.png using Guid(1226e45ece325d64686dc83fc78a13da) Importer(2089858483,192608db42251d675da83286b1cce702) (ScriptedImporter) -> (artifact id: '41542b13e227bf0b5811dff63b723ca4') in 0.0404184 seconds
Number of updated asset objects reloaded before import = 0Number of asset objects unloaded after import = 1

========================================================================
Received Import Request.
  Time since last request: 0.660995 seconds.
  path: Assets/UI/QuizScreen/LevelTwo/QuestionFour/Screenshot_2025-12-11_102522-removebg-preview.png
  artifactKey: Guid(b916d92d9b5891243ae3af58bc54df95) Importer(815301076,1909f56bfc062723c751e8b465ee728b)
Start importing Assets/UI/QuizScreen/LevelTwo/QuestionFour/Screenshot_2025-12-11_102522-removebg-preview.png using Guid(b916d92d9b5891243ae3af58bc54df95) Importer(815301076,1909f56bfc062723c751e8b465ee728b) (PreviewImporter) -> (artifact id: '1d58fc16ad73ccc7e040e12c85bbae33') in 0.0435217 seconds
Number of updated asset objects reloaded before import = 0Number of asset objects unloaded after import = 2

========================================================================
Received Import Request.
  Time since last request: 3.743012 seconds.
  path: Assets/UI/QuizScreen/LevelTwo/QuestionFour/ChoiceB.png
  artifactKey: Guid(b916d92d9b5891243ae3af58bc54df95) Importer(815301076,1909f56bfc062723c751e8b465ee728b)
Start importing Assets/UI/QuizScreen/LevelTwo/QuestionFour/ChoiceB.png using Guid(b916d92d9b5891243ae3af58bc54df95) Importer(815301076,1909f56bfc062723c751e8b465ee728b) (PreviewImporter) -> (artifact id: '2e1c863f9aa2c1f8a77d8e31956009e7') in 0.0168426 seconds
Number of updated asset objects reloaded before import = 0Number of asset objects unloaded after import = 2

========================================================================
Received Import Request.
  Time since last request: 0.907479 seconds.
  path: Assets/UI/QuizScreen/LevelTwo/QuestionFour/ChoiceB.png
  artifactKey: Guid(b916d92d9b5891243ae3af58bc54df95) Importer(2089858483,192608db42251d675da83286b1cce702)
Start importing Assets/UI/QuizScreen/LevelTwo/QuestionFour/ChoiceB.png using Guid(b916d92d9b5891243ae3af58bc54df95) Importer(2089858483,192608db42251d675da83286b1cce702) (ScriptedImporter) -> (artifact id: 'e625853e4f27a711086fb72c4a38c17d') in 0.0537721 seconds
Number of updated asset objects reloaded before import = 0Number of asset objects unloaded after import = 1

========================================================================
Received Import Request.
  Time since last request: 0.674670 seconds.
  path: Assets/UI/QuizScreen/LevelTwo/QuestionFour/Screenshot_2025-12-11_102528-removebg-preview.png
  artifactKey: Guid(629e91ed70977c343bf250c9ebc96c47) Importer(815301076,1909f56bfc062723c751e8b465ee728b)
Start importing Assets/UI/QuizScreen/LevelTwo/QuestionFour/Screenshot_2025-12-11_102528-removebg-preview.png using Guid(629e91ed70977c343bf250c9ebc96c47) Importer(815301076,1909f56bfc062723c751e8b465ee728b) (PreviewImporter) -> (artifact id: 'b8aefc471b633fb0b23e8f214f8592db') in 0.053957 seconds
Number of updated asset objects reloaded before import = 0Number of asset objects unloaded after import = 2

========================================================================
Received Import Request.
  Time since last request: 3.809239 seconds.
  path: Assets/UI/QuizScreen/LevelTwo/QuestionFour/ChoiceC.png
  artifactKey: Guid(629e91ed70977c343bf250c9ebc96c47) Importer(815301076,1909f56bfc062723c751e8b465ee728b)
Start importing Assets/UI/QuizScreen/LevelTwo/QuestionFour/ChoiceC.png using Guid(629e91ed70977c343bf250c9ebc96c47) Importer(815301076,1909f56bfc062723c751e8b465ee728b) (PreviewImporter) -> (artifact id: '56e0d2d8cfd840f5b3d421d38e7d8362') in 0.0128412 seconds
Number of updated asset objects reloaded before import = 0Number of asset objects unloaded after import = 2

========================================================================
Received Import Request.
  Time since last request: 0.903275 seconds.
  path: Assets/UI/QuizScreen/LevelTwo/QuestionFour/ChoiceC.png
  artifactKey: Guid(629e91ed70977c343bf250c9ebc96c47) Importer(2089858483,192608db42251d675da83286b1cce702)
Start importing Assets/UI/QuizScreen/LevelTwo/QuestionFour/ChoiceC.png using Guid(629e91ed70977c343bf250c9ebc96c47) Importer(2089858483,192608db42251d675da83286b1cce702) (ScriptedImporter) -> (artifact id: '898c9c3e3badffc9c29f1b6b8d7d7d52') in 0.0362397 seconds
Number of updated asset objects reloaded before import = 0Number of asset objects unloaded after import = 1

========================================================================
Received Import Request.
  Time since last request: 0.164811 seconds.
  path: Assets/UI/QuizScreen/LevelTwo/QuestionFour/Screenshot_2025-12-11_102551-removebg-preview.png
  artifactKey: Guid(3f5036bdb3b78f248b1f7e18fd683100) Importer(815301076,1909f56bfc062723c751e8b465ee728b)
Start importing Assets/UI/QuizScreen/LevelTwo/QuestionFour/Screenshot_2025-12-11_102551-removebg-preview.png using Guid(3f5036bdb3b78f248b1f7e18fd683100) Importer(815301076,1909f56bfc062723c751e8b465ee728b) (PreviewImporter) -> (artifact id: '2171324a6385c8bc2d0c36ead067516d') in 0.0573877 seconds
Number of updated asset objects reloaded before import = 0Number of asset objects unloaded after import = 2

========================================================================
Received Import Request.
  Time since last request: 3.399483 seconds.
  path: Assets/UI/QuizScreen/LevelTwo/QuestionFour/ChoiceD.png
  artifactKey: Guid(3f5036bdb3b78f248b1f7e18fd683100) Importer(815301076,1909f56bfc062723c751e8b465ee728b)
Start importing Assets/UI/QuizScreen/LevelTwo/QuestionFour/ChoiceD.png using Guid(3f5036bdb3b78f248b1f7e18fd683100) Importer(815301076,1909f56bfc062723c751e8b465ee728b) (PreviewImporter) -> (artifact id: '7bc91bec2401cd6bc71804c48b4ac048') in 0.0200243 seconds
Number of updated asset objects reloaded before import = 0Number of asset objects unloaded after import = 2

========================================================================
Received Import Request.
  Time since last request: 0.872207 seconds.
  path: Assets/UI/QuizScreen/LevelTwo/QuestionFour/ChoiceD.png
  artifactKey: Guid(3f5036bdb3b78f248b1f7e18fd683100) Importer(2089858483,192608db42251d675da83286b1cce702)
Start importing Assets/UI/QuizScreen/LevelTwo/QuestionFour/ChoiceD.png using Guid(3f5036bdb3b78f248b1f7e18fd683100) Importer(2089858483,192608db42251d675da83286b1cce702) (ScriptedImporter) -> (artifact id: '4d442071971a8d93929b8730e615d74b') in 0.0336039 seconds
Number of updated asset objects reloaded before import = 0Number of asset objects unloaded after import = 1

========================================================================
Received Import Request.
  Time since last request: 3.067346 seconds.
  path: Assets/UI/QuizScreen/LevelTwo/QuestionFive/Screenshot_2025-12-11_103125-removebg-preview.png
  artifactKey: Guid(42a3d9501199b6a44bf8590a45ccf69e) Importer(815301076,1909f56bfc062723c751e8b465ee728b)
Start importing Assets/UI/QuizScreen/LevelTwo/QuestionFive/Screenshot_2025-12-11_103125-removebg-preview.png using Guid(42a3d9501199b6a44bf8590a45ccf69e) Importer(815301076,1909f56bfc062723c751e8b465ee728b) (PreviewImporter) -> (artifact id: 'ee9eb34d77eb7dce6b4285122307dec3') in 0.0566675 seconds
Number of updated asset objects reloaded before import = 0Number of asset objects unloaded after import = 2

========================================================================
Received Import Request.
  Time since last request: 3.249566 seconds.
  path: Assets/UI/QuizScreen/LevelTwo/QuestionFive/ChoiceA.png
  artifactKey: Guid(42a3d9501199b6a44bf8590a45ccf69e) Importer(815301076,1909f56bfc062723c751e8b465ee728b)
Start importing Assets/UI/QuizScreen/LevelTwo/QuestionFive/ChoiceA.png using Guid(42a3d9501199b6a44bf8590a45ccf69e) Importer(815301076,1909f56bfc062723c751e8b465ee728b) (PreviewImporter) -> (artifact id: 'b81c14ad10d0c8f52101eec99d32bfff') in 0.0156094 seconds
Number of updated asset objects reloaded before import = 0Number of asset objects unloaded after import = 2

========================================================================
Received Import Request.
  Time since last request: 0.866488 seconds.
  path: Assets/UI/QuizScreen/LevelTwo/QuestionFive/ChoiceA.png
  artifactKey: Guid(42a3d9501199b6a44bf8590a45ccf69e) Importer(2089858483,192608db42251d675da83286b1cce702)
Start importing Assets/UI/QuizScreen/LevelTwo/QuestionFive/ChoiceA.png using Guid(42a3d9501199b6a44bf8590a45ccf69e) Importer(2089858483,192608db42251d675da83286b1cce702) (ScriptedImporter) -> (artifact id: '464ed7b1c6b3438b7221386f1401b096') in 0.033718 seconds
Number of updated asset objects reloaded before import = 0Number of asset objects unloaded after import = 1

========================================================================
Received Import Request.
  Time since last request: 0.442722 seconds.
  path: Assets/UI/QuizScreen/LevelTwo/QuestionFive/Screenshot_2025-12-11_103132-removebg-preview.png
  artifactKey: Guid(766da7e81bf48d54c825eef186ac6259) Importer(815301076,1909f56bfc062723c751e8b465ee728b)
Start importing Assets/UI/QuizScreen/LevelTwo/QuestionFive/Screenshot_2025-12-11_103132-removebg-preview.png using Guid(766da7e81bf48d54c825eef186ac6259) Importer(815301076,1909f56bfc062723c751e8b465ee728b) (PreviewImporter) -> (artifact id: '5de59963b3d1f0d458cb966108af37e1') in 0.059053 seconds
Number of updated asset objects reloaded before import = 0Number of asset objects unloaded after import = 2

========================================================================
Received Import Request.
  Time since last request: 2.926980 seconds.
  path: Assets/UI/QuizScreen/LevelTwo/QuestionFive/ChoiceB.png
  artifactKey: Guid(766da7e81bf48d54c825eef186ac6259) Importer(815301076,1909f56bfc062723c751e8b465ee728b)
Start importing Assets/UI/QuizScreen/LevelTwo/QuestionFive/ChoiceB.png using Guid(766da7e81bf48d54c825eef186ac6259) Importer(815301076,1909f56bfc062723c751e8b465ee728b) (PreviewImporter) -> (artifact id: '9f7422c92d82300c3b9c58fe8bb58116') in 0.0136674 seconds
Number of updated asset objects reloaded before import = 0Number of asset objects unloaded after import = 2

========================================================================
Received Import Request.
  Time since last request: 0.896951 seconds.
  path: Assets/UI/QuizScreen/LevelTwo/QuestionFive/ChoiceB.png
  artifactKey: Guid(766da7e81bf48d54c825eef186ac6259) Importer(2089858483,192608db42251d675da83286b1cce702)
Start importing Assets/UI/QuizScreen/LevelTwo/QuestionFive/ChoiceB.png using Guid(766da7e81bf48d54c825eef186ac6259) Importer(2089858483,192608db42251d675da83286b1cce702) (ScriptedImporter) -> (artifact id: 'd76c31e216d9b7153c5f78e604fc4d99') in 0.0376101 seconds
Number of updated asset objects reloaded before import = 0Number of asset objects unloaded after import = 1

========================================================================
Received Import Request.
  Time since last request: 0.458982 seconds.
  path: Assets/UI/QuizScreen/LevelTwo/QuestionFive/Screenshot_2025-12-11_103140-removebg-preview.png
  artifactKey: Guid(8cd9f1d14c034b6488d5fb9519cb582f) Importer(815301076,1909f56bfc062723c751e8b465ee728b)
Start importing Assets/UI/QuizScreen/LevelTwo/QuestionFive/Screenshot_2025-12-11_103140-removebg-preview.png using Guid(8cd9f1d14c034b6488d5fb9519cb582f) Importer(815301076,1909f56bfc062723c751e8b465ee728b) (PreviewImporter) -> (artifact id: 'e836a972ed01cb59037c42ac3cb01ce4') in 0.0511413 seconds
Number of updated asset objects reloaded before import = 0Number of asset objects unloaded after import = 2

========================================================================
Received Import Request.
  Time since last request: 3.434766 seconds.
  path: Assets/UI/QuizScreen/LevelTwo/QuestionFive/ChoiceC.png
  artifactKey: Guid(8cd9f1d14c034b6488d5fb9519cb582f) Importer(815301076,1909f56bfc062723c751e8b465ee728b)
Start importing Assets/UI/QuizScreen/LevelTwo/QuestionFive/ChoiceC.png using Guid(8cd9f1d14c034b6488d5fb9519cb582f) Importer(815301076,1909f56bfc062723c751e8b465ee728b) (PreviewImporter) -> (artifact id: 'd67e198b62e919bca1ca07f9f4701e16') in 0.0104324 seconds
Number of updated asset objects reloaded before import = 0Number of asset objects unloaded after import = 2

========================================================================
Received Import Request.
  Time since last request: 0.899995 seconds.
  path: Assets/UI/QuizScreen/LevelTwo/QuestionFive/ChoiceC.png
  artifactKey: Guid(8cd9f1d14c034b6488d5fb9519cb582f) Importer(2089858483,192608db42251d675da83286b1cce702)
Start importing Assets/UI/QuizScreen/LevelTwo/QuestionFive/ChoiceC.png using Guid(8cd9f1d14c034b6488d5fb9519cb582f) Importer(2089858483,192608db42251d675da83286b1cce702) (ScriptedImporter) -> (artifact id: '532535feb5624917207bae60b3275957') in 0.0396247 seconds
Number of updated asset objects reloaded before import = 0Number of asset objects unloaded after import = 1

========================================================================
Received Import Request.
  Time since last request: 0.368608 seconds.
  path: Assets/UI/QuizScreen/LevelTwo/QuestionFive/Screenshot_2025-12-11_103159-removebg-preview.png
  artifactKey: Guid(b8a8e99cd5622ae42aa6da30689f1047) Importer(815301076,1909f56bfc062723c751e8b465ee728b)
Start importing Assets/UI/QuizScreen/LevelTwo/QuestionFive/Screenshot_2025-12-11_103159-removebg-preview.png using Guid(b8a8e99cd5622ae42aa6da30689f1047) Importer(815301076,1909f56bfc062723c751e8b465ee728b) (PreviewImporter) -> (artifact id: 'c77a2cfd4fe76ef75725dd9d393056d5') in 0.0378754 seconds
Number of updated asset objects reloaded before import = 0Number of asset objects unloaded after import = 2

========================================================================
Received Import Request.
  Time since last request: 3.626844 seconds.
  path: Assets/UI/QuizScreen/LevelTwo/QuestionFive/ChoiceD.png
  artifactKey: Guid(b8a8e99cd5622ae42aa6da30689f1047) Importer(815301076,1909f56bfc062723c751e8b465ee728b)
Start importing Assets/UI/QuizScreen/LevelTwo/QuestionFive/ChoiceD.png using Guid(b8a8e99cd5622ae42aa6da30689f1047) Importer(815301076,1909f56bfc062723c751e8b465ee728b) (PreviewImporter) -> (artifact id: 'c71e69a494b2f1a31f93f96791af6420') in 0.0132064 seconds
Number of updated asset objects reloaded before import = 0Number of asset objects unloaded after import = 2

========================================================================
Received Import Request.
  Time since last request: 0.881068 seconds.
  path: Assets/UI/QuizScreen/LevelTwo/QuestionFive/ChoiceD.png
  artifactKey: Guid(b8a8e99cd5622ae42aa6da30689f1047) Importer(2089858483,192608db42251d675da83286b1cce702)
Start importing Assets/UI/QuizScreen/LevelTwo/QuestionFive/ChoiceD.png using Guid(b8a8e99cd5622ae42aa6da30689f1047) Importer(2089858483,192608db42251d675da83286b1cce702) (ScriptedImporter) -> (artifact id: 'ad4d37d31bbec4eff204d32c9a4869ee') in 0.031748 seconds
Number of updated asset objects reloaded before import = 0Number of asset objects unloaded after import = 1

========================================================================
Received Import Request.
  Time since last request: 1593.314276 seconds.
  path: Assets/UI/QuizScreen/LevelTwo/QuestionOne/Question.png
  artifactKey: Guid(7c6bdfc978576e5428132bac9641074c) Importer(815301076,1909f56bfc062723c751e8b465ee728b)
Start importing Assets/UI/QuizScreen/LevelTwo/QuestionOne/Question.png using Guid(7c6bdfc978576e5428132bac9641074c) Importer(815301076,1909f56bfc062723c751e8b465ee728b) (PreviewImporter) -> (artifact id: '6d0e1cc9926fd1291733b79f6f98f081') in 0.0957718 seconds
Number of updated asset objects reloaded before import = 0Number of asset objects unloaded after import = 3

========================================================================
Received Import Request.
  Time since last request: 325.541792 seconds.
  path: Assets/UI/QuizScreen/LevelTwo/QuestionTwo/Question.png
  artifactKey: Guid(366d044908503364eb32c39bce4340a1) Importer(815301076,1909f56bfc062723c751e8b465ee728b)
Start importing Assets/UI/QuizScreen/LevelTwo/QuestionTwo/Question.png using Guid(366d044908503364eb32c39bce4340a1) Importer(815301076,1909f56bfc062723c751e8b465ee728b) (PreviewImporter) -> (artifact id: '426d3347e46989564ebde8201ab74426') in 0.0356608 seconds
Number of updated asset objects reloaded before import = 0Number of asset objects unloaded after import = 3

========================================================================
Received Import Request.
  Time since last request: 125.408925 seconds.
  path: Assets/UI/QuizScreen/LevelTwo/QuestionThree/Question.png
  artifactKey: Guid(3b4c728c8c016df40a028cb8cf29da3c) Importer(815301076,1909f56bfc062723c751e8b465ee728b)
Start importing Assets/UI/QuizScreen/LevelTwo/QuestionThree/Question.png using Guid(3b4c728c8c016df40a028cb8cf29da3c) Importer(815301076,1909f56bfc062723c751e8b465ee728b) (PreviewImporter) -> (artifact id: 'a050867f0a63805fe135729c1434750d') in 0.0290119 seconds
Number of updated asset objects reloaded before import = 0Number of asset objects unloaded after import = 3

========================================================================
Received Import Request.
  Time since last request: 93.133107 seconds.
  path: Assets/UI/QuizScreen/LevelTwo/QuestionFour/ChoiceA.png
  artifactKey: Guid(1226e45ece325d64686dc83fc78a13da) Importer(815301076,1909f56bfc062723c751e8b465ee728b)
Start importing Assets/UI/QuizScreen/LevelTwo/QuestionFour/ChoiceA.png using Guid(1226e45ece325d64686dc83fc78a13da) Importer(815301076,1909f56bfc062723c751e8b465ee728b) (PreviewImporter) -> (artifact id: '1d569f8fd6b0c6ee6389eec469c571e7') in 0.0639845 seconds
Number of updated asset objects reloaded before import = 0Number of asset objects unloaded after import = 3

========================================================================
Received Import Request.
  Time since last request: 74.667086 seconds.
  path: Assets/UI/QuizScreen/LevelTwo/QuestionFive/ChoiceC.png
  artifactKey: Guid(8cd9f1d14c034b6488d5fb9519cb582f) Importer(815301076,1909f56bfc062723c751e8b465ee728b)
Start importing Assets/UI/QuizScreen/LevelTwo/QuestionFive/ChoiceC.png using Guid(8cd9f1d14c034b6488d5fb9519cb582f) Importer(815301076,1909f56bfc062723c751e8b465ee728b) (PreviewImporter) -> (artifact id: '85f8cbceef2aeb8847216c7ae5f3de09') in 0.0355768 seconds
Number of updated asset objects reloaded before import = 0Number of asset objects unloaded after import = 3

========================================================================
Received Import Request.
  Time since last request: 199.734090 seconds.
  path: Assets/Scenes/QuizScreen.unity
  artifactKey: Guid(296a31531120bff449ce778c2dabee5a) Importer(2089858483,192608db42251d675da83286b1cce702)
Start importing Assets/Scenes/QuizScreen.unity using Guid(296a31531120bff449ce778c2dabee5a) Importer(2089858483,192608db42251d675da83286b1cce702) (ScriptedImporter) -> (artifact id: '9722c0b55deb7ef51ac0c51ba7f92705') in 0.0479452 seconds
Number of updated asset objects reloaded before import = 0Number of asset objects unloaded after import = 1

AssetImportWorkerClient::OnTransportError - code=10054 error=An existing connection was forcibly closed by the remote host.
