[Licensing::Module] Trying to connect to existing licensing client channel...
Built from '6000.2/staging' branch; Version is '6000.2.9f1 (e0c4e791ab71) revision 14730471'; Using compiler version '194234433'; Build Type 'Release'
OS: 'Windows 11  (10.0.26200) 64bit Professional' Language: 'en' Physical Memory: 16056 MB
[Licensing::IpcConnector] Successfully connected to: "LicenseClient-User" at "2025-12-11T07:24:49.9483879Z"
BatchMode: 1, IsHumanControllingUs: 0, StartBugReporterOnCrash: 0, Is64bit: 1
Date: 2025-12-11T07:24:49Z

COMMAND LINE ARGUMENTS:
C:\Program Files\Unity\Hub\Editor\6000.2.9f1\Editor\Unity.exe
-adb2
-batchMode
-noUpm
-name
AssetImportWorker1
-projectPath
C:/Users/User/Documents/Games/Saleemo/Saleem-Project
-logFile
Logs/AssetImportWorker1.log
-srvPort
65531
-licensingIpc
LicenseClient-User
-job-worker-count
9
-background-job-worker-count
8
-gc-helper-count
1
-name
AssetImport
Successfully changed project path to: C:/Users/User/Documents/Games/Saleemo/Saleem-Project
C:/Users/User/Documents/Games/Saleemo/Saleem-Project
[UnityMemory] Configuration Parameters - Can be set up in boot.config
    "memorysetup-allocator-temp-initial-block-size-main=262144"
    "memorysetup-allocator-temp-initial-block-size-worker=262144"
    "memorysetup-bucket-allocator-granularity=16"
    "memorysetup-bucket-allocator-bucket-count=8"
    "memorysetup-bucket-allocator-block-size=33554432"
    "memorysetup-bucket-allocator-block-count=8"
    "memorysetup-main-allocator-block-size=16777216"
    "memorysetup-thread-allocator-block-size=16777216"
    "memorysetup-gfx-main-allocator-block-size=16777216"
    "memorysetup-gfx-thread-allocator-block-size=16777216"
    "memorysetup-cache-allocator-block-size=4194304"
    "memorysetup-typetree-allocator-block-size=2097152"
    "memorysetup-profiler-bucket-allocator-granularity=16"
    "memorysetup-profiler-bucket-allocator-bucket-count=8"
    "memorysetup-profiler-bucket-allocator-block-size=33554432"
    "memorysetup-profiler-bucket-allocator-block-count=8"
    "memorysetup-profiler-allocator-block-size=16777216"
    "memorysetup-profiler-editor-allocator-block-size=1048576"
    "memorysetup-temp-allocator-size-main=16777216"
    "memorysetup-job-temp-allocator-block-size=2097152"
    "memorysetup-job-temp-allocator-block-size-background=1048576"
    "memorysetup-job-temp-allocator-reduction-small-platforms=262144"
    "memorysetup-temp-allocator-size-background-worker=32768"
    "memorysetup-temp-allocator-size-job-worker=262144"
    "memorysetup-temp-allocator-size-preload-manager=33554432"
    "memorysetup-temp-allocator-size-nav-mesh-worker=65536"
    "memorysetup-temp-allocator-size-audio-worker=65536"
    "memorysetup-temp-allocator-size-cloud-worker=32768"
    "memorysetup-temp-allocator-size-gi-baking-worker=262144"
    "memorysetup-temp-allocator-size-gi-baking-worker=262144"
    "memorysetup-temp-allocator-size-gi-baking-worker=262144"
    "memorysetup-temp-allocator-size-gi-baking-worker=262144"
    "memorysetup-temp-allocator-size-gi-baking-worker=262144"
    "memorysetup-temp-allocator-size-gfx=262144"
Player connection [30840]  Target information:

Player connection [30840]  * "[IP] 172.30.16.148 [Port] 0 [Flags] 2 [Guid] 1557504703 [EditorId] 1557504703 [Version] 1048832 [Id] WindowsEditor(7,DESKTOP-JCJO45L) [Debug] 1 [PackageName] WindowsEditor [ProjectName] Editor" 

Player connection [30840] Host joined multi-casting on [225.0.0.222:54997]...
Player connection [30840] Host joined alternative multi-casting on [225.0.0.222:34997]...
JobSystem: Creating JobQueue using job-worker-count value 9
Input System module state changed to: Initialized.
[Physics::Module] Initialized fallback backend.
[Physics::Module] Id: 0xdecafbad
[Licensing::Client] Code 10 while verifying Licensing Client signature (process Id: 18920, path: "C:/Program Files/Unity Hub/UnityLicensingClient_V1/Unity.Licensing.Client.exe")
[Licensing::Module] LicensingClient has failed validation; ignoring
[Licensing::Client] Handshaking with LicensingClient:
  Version:                 1.17.3+a4e98f1
  Session Id:              f1182480dab740719bfc419f8156a49f
  Correlation Id:          52315b6705b5ddfba83054f0440f1720
  External correlation Id: 5783865443839367197
  Machine Id:              SrNJj47ErGkZ1nfpHqM96Dgaod8=
[Licensing::Module] Successfully connected to LicensingClient on channel: "LicenseClient-User" (connect: 0.00s, validation: 0.00s, handshake: 0.07s)
[Licensing::IpcConnector] Successfully connected to: "LicenseClient-User-notifications" at "2025-12-11T07:24:50.0274527Z"
[Licensing::Module] Licensing Background thread has ended after 0.08s
Library Redirect Path: Library/
[Physics::Module] Selected backend.
[Physics::Module] Name: PhysX
[Physics::Module] Id: 0xf2b8ea05
[Physics::Module] SDK Version: 4.1.2
[Physics::Module] Integration Version: 1.0.0
[Physics::Module] Threading Mode: Multi-Threaded
Refreshing native plugins compatible for Editor in 5.05 ms, found 3 plugins.
Preloading 0 native plugins for Editor in 0.00 ms.
Initialize engine version: 6000.2.9f1 (e0c4e791ab71)
[Subsystems] Discovering subsystems at path C:/Program Files/Unity/Hub/Editor/6000.2.9f1/Editor/Data/Resources/UnitySubsystems
[Subsystems] Discovering subsystems at path C:/Users/User/Documents/Games/Saleemo/Saleem-Project/Assets
GfxDevice: creating device client; kGfxThreadingModeNonThreaded
Direct3D:
    Version:  Direct3D 11.0 [level 11.1]
    Renderer: Intel(R) UHD Graphics (ID=0xa720)
    Vendor:   Intel
    VRAM:     8028 MB
    Driver:   32.0.101.7026
Initialize mono
Mono path[0] = 'C:/Program Files/Unity/Hub/Editor/6000.2.9f1/Editor/Data/Managed'
Mono path[1] = 'C:/Program Files/Unity/Hub/Editor/6000.2.9f1/Editor/Data/MonoBleedingEdge/lib/mono/unityjit-win32'
Mono config path = 'C:/Program Files/Unity/Hub/Editor/6000.2.9f1/Editor/Data/MonoBleedingEdge/etc'
Using monoOptions --debugger-agent=transport=dt_socket,embedding=1,server=y,suspend=n,address=127.0.0.1:56080
Begin MonoManager ReloadAssembly
Registering precompiled unity dll's ...
Register platform support module: C:/Program Files/Unity/Hub/Editor/6000.2.9f1/Editor/Data/PlaybackEngines/WindowsStandaloneSupport/UnityEditor.WindowsStandalone.Extensions.dll
Registered in 0.003371 seconds.
- Loaded All Assemblies, in  1.004 seconds
Native extension for WindowsStandalone target not found
Mono: successfully reloaded assembly
- Finished resetting the current domain, in  0.807 seconds
Domain Reload Profiling: 1809ms
	BeginReloadAssembly (447ms)
		ExecutionOrderSort (0ms)
		DisableScriptedObjects (0ms)
		BackupInstance (0ms)
		ReleaseScriptingObjects (0ms)
		CreateAndSetChildDomain (1ms)
	RebuildCommonClasses (84ms)
	RebuildNativeTypeToScriptingClass (25ms)
	initialDomainReloadingComplete (104ms)
	LoadAllAssembliesAndSetupDomain (340ms)
		LoadAssemblies (439ms)
		RebuildTransferFunctionScriptingTraits (0ms)
		AnalyzeDomain (335ms)
			TypeCache.Refresh (331ms)
				TypeCache.ScanAssembly (306ms)
			BuildScriptInfoCaches (0ms)
			ResolveRequiredComponents (1ms)
	FinalizeReload (808ms)
		ReleaseScriptCaches (0ms)
		RebuildScriptCaches (0ms)
		SetupLoadedEditorAssemblies (717ms)
			LogAssemblyErrors (0ms)
			InitializePlatformSupportModulesInManaged (111ms)
			SetLoadedEditorAssemblies (9ms)
			BeforeProcessingInitializeOnLoad (168ms)
			ProcessInitializeOnLoadAttributes (314ms)
			ProcessInitializeOnLoadMethodAttributes (115ms)
			AfterProcessingInitializeOnLoad (0ms)
			EditorAssembliesLoaded (0ms)
		ExecutionOrderSort2 (0ms)
		AwakeInstancesAfterBackupRestoration (0ms)
========================================================================
Worker process is ready to serve import requests
Import Worker Mode flag is 0x00
Begin MonoManager ReloadAssembly
[Licensing::Client] Successfully resolved entitlement details
[Licensing::Module] License group:
  Id: 18968259716887-UnityPersXXXX
  Product: Unity Personal
  Type: Assigned
  Expiration: Unlimited
- Loaded All Assemblies, in  1.520 seconds
Refreshing native plugins compatible for Editor in 1.28 ms, found 3 plugins.
Native extension for WindowsStandalone target not found
Package Manager log level set to [2]
[Package Manager] Failed to launch server process. Reason: Unity was launched with the -noUpm command-line argument
[Package Manager] Unable to send message (not connected to server process).
[Package Manager] Cannot connect to Unity Package Manager local server
Mono: successfully reloaded assembly
- Finished resetting the current domain, in  1.704 seconds
Domain Reload Profiling: 3218ms
	BeginReloadAssembly (434ms)
		ExecutionOrderSort (0ms)
		DisableScriptedObjects (12ms)
		BackupInstance (0ms)
		ReleaseScriptingObjects (0ms)
		CreateAndSetChildDomain (63ms)
	RebuildCommonClasses (57ms)
	RebuildNativeTypeToScriptingClass (16ms)
	initialDomainReloadingComplete (58ms)
	LoadAllAssembliesAndSetupDomain (949ms)
		LoadAssemblies (822ms)
		RebuildTransferFunctionScriptingTraits (0ms)
		AnalyzeDomain (387ms)
			TypeCache.Refresh (286ms)
				TypeCache.ScanAssembly (265ms)
			BuildScriptInfoCaches (78ms)
			ResolveRequiredComponents (17ms)
	FinalizeReload (1704ms)
		ReleaseScriptCaches (0ms)
		RebuildScriptCaches (0ms)
		SetupLoadedEditorAssemblies (1372ms)
			LogAssemblyErrors (0ms)
			InitializePlatformSupportModulesInManaged (3ms)
			SetLoadedEditorAssemblies (8ms)
			BeforeProcessingInitializeOnLoad (253ms)
			ProcessInitializeOnLoadAttributes (998ms)
			ProcessInitializeOnLoadMethodAttributes (97ms)
			AfterProcessingInitializeOnLoad (13ms)
			EditorAssembliesLoaded (0ms)
		ExecutionOrderSort2 (0ms)
		AwakeInstancesAfterBackupRestoration (15ms)
Launched and connected shader compiler UnityShaderCompiler.exe after 0.05 seconds
Refreshing native plugins compatible for Editor in 2.59 ms, found 3 plugins.
Preloading 0 native plugins for Editor in 0.00 ms.
Unloading 14 Unused Serialized files (Serialized files now loaded: 0)
Unloading 6219 unused Assets / (4.3 MB). Loaded Objects now: 6928.
Memory consumption went from 135.8 MB to 131.5 MB.
Total: 14.660600 ms (FindLiveObjects: 1.952800 ms CreateObjectMapping: 0.615500 ms MarkObjects: 8.451700 ms  DeleteObjects: 3.637300 ms)

========================================================================
Received Import Request.
  Time since last request: 2362872.398653 seconds.
  path: Assets/UI/QuizScreen/LevelTwo/QuestionThree/Screenshot_2025-12-11_102220-removebg-preview.png
  artifactKey: Guid(3b4c728c8c016df40a028cb8cf29da3c) Importer(815301076,1909f56bfc062723c751e8b465ee728b)
Start importing Assets/UI/QuizScreen/LevelTwo/QuestionThree/Screenshot_2025-12-11_102220-removebg-preview.png using Guid(3b4c728c8c016df40a028cb8cf29da3c) Importer(815301076,1909f56bfc062723c751e8b465ee728b) (PreviewImporter) -> (artifact id: '1ac01d26056a21816e4347e967157ec4') in 0.1345282 seconds
Number of updated asset objects reloaded before import = 0Number of asset objects unloaded after import = 2

========================================================================
Received Import Request.
  Time since last request: 605.178859 seconds.
  path: Assets/UI/QuizScreen/LevelTwo/QuestionOne/Screenshot_2025-12-09_140508-removebg-preview.png
  artifactKey: Guid(af2d2a3723b21e143a93d6796825fb15) Importer(2089858483,192608db42251d675da83286b1cce702)
Start importing Assets/UI/QuizScreen/LevelTwo/QuestionOne/Screenshot_2025-12-09_140508-removebg-preview.png using Guid(af2d2a3723b21e143a93d6796825fb15) Importer(2089858483,192608db42251d675da83286b1cce702) (ScriptedImporter) -> (artifact id: 'a1b161b6b353bd5c9e21c59030187446') in 0.3831542 seconds
Number of updated asset objects reloaded before import = 0Number of asset objects unloaded after import = 1

========================================================================
Received Import Request.
  Time since last request: 0.000060 seconds.
  path: Assets/UI/QuizScreen/LevelTwo/QuestionThree/Screenshot_2025-12-11_102246-removebg-preview.png
  artifactKey: Guid(382ad01c443ea5a4b96c214fd953bdee) Importer(2089858483,192608db42251d675da83286b1cce702)
Start importing Assets/UI/QuizScreen/LevelTwo/QuestionThree/Screenshot_2025-12-11_102246-removebg-preview.png using Guid(382ad01c443ea5a4b96c214fd953bdee) Importer(2089858483,192608db42251d675da83286b1cce702) (ScriptedImporter) -> (artifact id: 'a922706d5539d4e004ca8d92a3a54b29') in 0.0548223 seconds
Number of updated asset objects reloaded before import = 0Number of asset objects unloaded after import = 1

========================================================================
Received Import Request.
  Time since last request: 0.000044 seconds.
  path: Assets/UI/QuizScreen/LevelTwo/QuestionFour/Screenshot_2025-12-11_102516-removebg-preview.png
  artifactKey: Guid(1226e45ece325d64686dc83fc78a13da) Importer(2089858483,192608db42251d675da83286b1cce702)
Start importing Assets/UI/QuizScreen/LevelTwo/QuestionFour/Screenshot_2025-12-11_102516-removebg-preview.png using Guid(1226e45ece325d64686dc83fc78a13da) Importer(2089858483,192608db42251d675da83286b1cce702) (ScriptedImporter) -> (artifact id: '4a401164bdce1629419edec356ed2906') in 0.0538909 seconds
Number of updated asset objects reloaded before import = 0Number of asset objects unloaded after import = 1

========================================================================
Received Import Request.
  Time since last request: 0.000025 seconds.
  path: Assets/UI/QuizScreen/LevelTwo/QuestionOne/Screenshot_2025-12-09_140504-removebg-preview.png
  artifactKey: Guid(6d1a4d0d6bff99941ab83a28edb3d43f) Importer(2089858483,192608db42251d675da83286b1cce702)
Start importing Assets/UI/QuizScreen/LevelTwo/QuestionOne/Screenshot_2025-12-09_140504-removebg-preview.png using Guid(6d1a4d0d6bff99941ab83a28edb3d43f) Importer(2089858483,192608db42251d675da83286b1cce702) (ScriptedImporter) -> (artifact id: 'af1ef99a0e5b485cdc5c81bcebaf3997') in 0.0768783 seconds
Number of updated asset objects reloaded before import = 0Number of asset objects unloaded after import = 1

========================================================================
Received Import Request.
  Time since last request: 0.000036 seconds.
  path: Assets/UI/QuizScreen/LevelTwo/QuestionThree/Screenshot_2025-12-11_102229-removebg-preview.png
  artifactKey: Guid(d2e8e791ad4a11a4581e97e707c77198) Importer(2089858483,192608db42251d675da83286b1cce702)
Start importing Assets/UI/QuizScreen/LevelTwo/QuestionThree/Screenshot_2025-12-11_102229-removebg-preview.png using Guid(d2e8e791ad4a11a4581e97e707c77198) Importer(2089858483,192608db42251d675da83286b1cce702) (ScriptedImporter) -> (artifact id: '02bf4a2432ae090f72dac24c1fde2206') in 0.0482008 seconds
Number of updated asset objects reloaded before import = 0Number of asset objects unloaded after import = 1

========================================================================
Received Import Request.
  Time since last request: 0.000046 seconds.
  path: Assets/UI/QuizScreen/LevelTwo/QuestionOne/Screenshot_2025-12-09_140453-removebg-preview.png
  artifactKey: Guid(7c6bdfc978576e5428132bac9641074c) Importer(2089858483,192608db42251d675da83286b1cce702)
Start importing Assets/UI/QuizScreen/LevelTwo/QuestionOne/Screenshot_2025-12-09_140453-removebg-preview.png using Guid(7c6bdfc978576e5428132bac9641074c) Importer(2089858483,192608db42251d675da83286b1cce702) (ScriptedImporter) -> (artifact id: 'c43cf33c3d1fe9589985e35eccb20af2') in 0.0759774 seconds
Number of updated asset objects reloaded before import = 0Number of asset objects unloaded after import = 1

========================================================================
Received Import Request.
  Time since last request: 0.000021 seconds.
  path: Assets/UI/QuizScreen/LevelTwo/QuestionFive/Screenshot_2025-12-11_103125-removebg-preview.png
  artifactKey: Guid(42a3d9501199b6a44bf8590a45ccf69e) Importer(2089858483,192608db42251d675da83286b1cce702)
Start importing Assets/UI/QuizScreen/LevelTwo/QuestionFive/Screenshot_2025-12-11_103125-removebg-preview.png using Guid(42a3d9501199b6a44bf8590a45ccf69e) Importer(2089858483,192608db42251d675da83286b1cce702) (ScriptedImporter) -> (artifact id: '6ee4a8f062ec47e1954d9c98c553331c') in 0.0421028 seconds
Number of updated asset objects reloaded before import = 0Number of asset objects unloaded after import = 1

========================================================================
Received Import Request.
  Time since last request: 0.000025 seconds.
  path: Assets/UI/QuizScreen/LevelTwo/QuestionTwo/Screenshot_2025-12-09_140714-removebg-preview.png
  artifactKey: Guid(a6521615d6be2a046a203bdb665eea3c) Importer(2089858483,192608db42251d675da83286b1cce702)
Start importing Assets/UI/QuizScreen/LevelTwo/QuestionTwo/Screenshot_2025-12-09_140714-removebg-preview.png using Guid(a6521615d6be2a046a203bdb665eea3c) Importer(2089858483,192608db42251d675da83286b1cce702) (ScriptedImporter) -> (artifact id: '1dc2125f81ac711632a5bca8ab5d6219') in 0.0598153 seconds
Number of updated asset objects reloaded before import = 0Number of asset objects unloaded after import = 1

========================================================================
Received Import Request.
  Time since last request: 0.000052 seconds.
  path: Assets/UI/QuizScreen/LevelTwo/QuestionThree/Screenshot_2025-12-11_102240-removebg-preview.png
  artifactKey: Guid(9c2176c910fa145468e552a70872fcb7) Importer(2089858483,192608db42251d675da83286b1cce702)
Start importing Assets/UI/QuizScreen/LevelTwo/QuestionThree/Screenshot_2025-12-11_102240-removebg-preview.png using Guid(9c2176c910fa145468e552a70872fcb7) Importer(2089858483,192608db42251d675da83286b1cce702) (ScriptedImporter) -> (artifact id: '3406b6a4482236fd2d92255deb783aff') in 0.0392601 seconds
Number of updated asset objects reloaded before import = 0Number of asset objects unloaded after import = 1

========================================================================
Received Import Request.
  Time since last request: 0.000036 seconds.
  path: Assets/UI/QuizScreen/LevelTwo/QuestionFive/Screenshot_2025-12-11_103159-removebg-preview.png
  artifactKey: Guid(b8a8e99cd5622ae42aa6da30689f1047) Importer(2089858483,192608db42251d675da83286b1cce702)
Start importing Assets/UI/QuizScreen/LevelTwo/QuestionFive/Screenshot_2025-12-11_103159-removebg-preview.png using Guid(b8a8e99cd5622ae42aa6da30689f1047) Importer(2089858483,192608db42251d675da83286b1cce702) (ScriptedImporter) -> (artifact id: '68d00628a27058c98a77d3becdc0d0e8') in 0.0669104 seconds
Number of updated asset objects reloaded before import = 0Number of asset objects unloaded after import = 1

========================================================================
Received Import Request.
  Time since last request: 0.000025 seconds.
  path: Assets/UI/QuizScreen/LevelTwo/QuestionFive/Screenshot_2025-12-11_103117-removebg-preview.png
  artifactKey: Guid(19784cdee2a38a049afe656984e24abf) Importer(2089858483,192608db42251d675da83286b1cce702)
Start importing Assets/UI/QuizScreen/LevelTwo/QuestionFive/Screenshot_2025-12-11_103117-removebg-preview.png using Guid(19784cdee2a38a049afe656984e24abf) Importer(2089858483,192608db42251d675da83286b1cce702) (ScriptedImporter) -> (artifact id: '8629c71cc79dfd31e726f61884c9de18') in 0.0511129 seconds
Number of updated asset objects reloaded before import = 0Number of asset objects unloaded after import = 1

========================================================================
Received Import Request.
  Time since last request: 0.000083 seconds.
  path: Assets/UI/QuizScreen/LevelTwo/QuestionTwo/Screenshot_2025-12-09_140718-removebg-preview.png
  artifactKey: Guid(7e51fab100145a1488dcb69ab561b950) Importer(2089858483,192608db42251d675da83286b1cce702)
Start importing Assets/UI/QuizScreen/LevelTwo/QuestionTwo/Screenshot_2025-12-09_140718-removebg-preview.png using Guid(7e51fab100145a1488dcb69ab561b950) Importer(2089858483,192608db42251d675da83286b1cce702) (ScriptedImporter) -> (artifact id: '68c4fb2f4a2ecb22bd881920b9d3cade') in 0.0600808 seconds
Number of updated asset objects reloaded before import = 0Number of asset objects unloaded after import = 1

========================================================================
Received Import Request.
  Time since last request: 0.000029 seconds.
  path: Assets/UI/QuizScreen/LevelTwo/QuestionOne/Screenshot_2025-12-09_140513-removebg-preview.png
  artifactKey: Guid(097224e7c6a126c44b2652972a501d04) Importer(2089858483,192608db42251d675da83286b1cce702)
Start importing Assets/UI/QuizScreen/LevelTwo/QuestionOne/Screenshot_2025-12-09_140513-removebg-preview.png using Guid(097224e7c6a126c44b2652972a501d04) Importer(2089858483,192608db42251d675da83286b1cce702) (ScriptedImporter) -> (artifact id: 'efa72f00d50c800482b84f990ccbfb46') in 0.0731922 seconds
Number of updated asset objects reloaded before import = 0Number of asset objects unloaded after import = 1

AssetImportWorkerClient::OnTransportError - code=10054 error=An existing connection was forcibly closed by the remote host.
